{"/home/travis/build/npmtest/node-npmtest-sematable/test.js":{"path":"/home/travis/build/npmtest/node-npmtest-sematable/test.js","s":{"1":2,"2":2,"3":2,"4":2,"5":2,"6":2,"7":2,"8":1,"9":2,"10":2,"11":1,"12":1,"13":1,"14":1,"15":2,"16":2,"17":2,"18":2,"19":1,"20":1,"21":2,"22":2,"23":2,"24":1,"25":1,"26":1,"27":1,"28":1,"29":1,"30":1,"31":1,"32":1,"33":1,"34":1,"35":1,"36":1,"37":1,"38":1,"39":2,"40":2,"41":1,"42":2,"43":2,"44":1,"45":2,"46":2,"47":1,"48":2,"49":2,"50":1,"51":1,"52":1,"53":1,"54":1},"b":{"1":[2,1,1,1],"2":[1,1,1,1],"3":[1,1],"4":[1,1],"5":[1,1],"6":[1,1],"7":[1,1],"8":[1,1],"9":[1,1],"10":[1,1,1],"11":[1,1],"12":[1,1],"13":[1,1],"14":[1,1],"15":[1,1],"16":[1,1],"17":[1,1]},"f":{"1":2,"2":2,"3":2,"4":2,"5":2,"6":1,"7":1,"8":1,"9":2,"10":2,"11":2,"12":2,"13":1},"fnMap":{"1":{"name":"(anonymous_1)","line":12,"loc":{"start":{"line":12,"column":1},"end":{"line":12,"column":13}}},"2":{"name":"(anonymous_2)","line":19,"loc":{"start":{"line":19,"column":5},"end":{"line":19,"column":17}}},"3":{"name":"(anonymous_3)","line":23,"loc":{"start":{"line":23,"column":24},"end":{"line":23,"column":36}}},"4":{"name":"(anonymous_4)","line":61,"loc":{"start":{"line":61,"column":5},"end":{"line":61,"column":17}}},"5":{"name":"(anonymous_5)","line":82,"loc":{"start":{"line":82,"column":5},"end":{"line":82,"column":17}}},"6":{"name":"(anonymous_6)","line":91,"loc":{"start":{"line":91,"column":77},"end":{"line":94,"column":10}}},"7":{"name":"(anonymous_7)","line":112,"loc":{"start":{"line":112,"column":83},"end":{"line":115,"column":10}},"skip":true},"8":{"name":"(anonymous_8)","line":123,"loc":{"start":{"line":123,"column":77},"end":{"line":126,"column":10}},"skip":true},"9":{"name":"(anonymous_9)","line":139,"loc":{"start":{"line":139,"column":12},"end":{"line":139,"column":40}},"skip":true},"10":{"name":"(anonymous_10)","line":147,"loc":{"start":{"line":147,"column":77},"end":{"line":150,"column":10}},"skip":true},"11":{"name":"(anonymous_11)","line":158,"loc":{"start":{"line":158,"column":83},"end":{"line":161,"column":10}},"skip":true},"12":{"name":"(anonymous_12)","line":169,"loc":{"start":{"line":169,"column":79},"end":{"line":172,"column":10}},"skip":true},"13":{"name":"(anonymous_13)","line":180,"loc":{"start":{"line":180,"column":75},"end":{"line":183,"column":10}},"skip":true}},"statementMap":{"1":{"start":{"line":12,"column":0},"end":{"line":195,"column":5}},"2":{"start":{"line":14,"column":4},"end":{"line":14,"column":14}},"3":{"start":{"line":19,"column":4},"end":{"line":56,"column":9}},"4":{"start":{"line":21,"column":8},"end":{"line":21,"column":19}},"5":{"start":{"line":23,"column":8},"end":{"line":35,"column":13}},"6":{"start":{"line":24,"column":12},"end":{"line":34,"column":13}},"7":{"start":{"line":25,"column":16},"end":{"line":28,"column":30}},"8":{"start":{"line":30,"column":16},"end":{"line":33,"column":27}},"9":{"start":{"line":37,"column":8},"end":{"line":39,"column":21}},"10":{"start":{"line":40,"column":8},"end":{"line":53,"column":9}},"11":{"start":{"line":43,"column":12},"end":{"line":46,"column":14}},"12":{"start":{"line":47,"column":12},"end":{"line":47,"column":18}},"13":{"start":{"line":50,"column":12},"end":{"line":51,"column":33}},"14":{"start":{"line":52,"column":12},"end":{"line":52,"column":18}},"15":{"start":{"line":55,"column":8},"end":{"line":55,"column":35}},"16":{"start":{"line":61,"column":4},"end":{"line":63,"column":9}},"17":{"start":{"line":62,"column":8},"end":{"line":62,"column":15}},"18":{"start":{"line":64,"column":4},"end":{"line":77,"column":5}},"19":{"start":{"line":70,"column":8},"end":{"line":70,"column":14}},"20":{"start":{"line":76,"column":8},"end":{"line":76,"column":14}},"21":{"start":{"line":82,"column":4},"end":{"line":84,"column":9}},"22":{"start":{"line":83,"column":8},"end":{"line":83,"column":15}},"23":{"start":{"line":85,"column":4},"end":{"line":194,"column":5}},"24":{"start":{"line":91,"column":8},"end":{"line":99,"column":10}},"25":{"start":{"line":98,"column":12},"end":{"line":98,"column":35}},"26":{"start":{"line":102,"column":8},"end":{"line":104,"column":63}},"27":{"start":{"line":105,"column":8},"end":{"line":105,"column":14}},"28":{"start":{"line":112,"column":8},"end":{"line":121,"column":10},"skip":true},"29":{"start":{"line":119,"column":12},"end":{"line":119,"column":55},"skip":true},"30":{"start":{"line":120,"column":12},"end":{"line":120,"column":48},"skip":true},"31":{"start":{"line":123,"column":8},"end":{"line":136,"column":10},"skip":true},"32":{"start":{"line":130,"column":12},"end":{"line":130,"column":76},"skip":true},"33":{"start":{"line":131,"column":12},"end":{"line":131,"column":73},"skip":true},"34":{"start":{"line":132,"column":12},"end":{"line":132,"column":74},"skip":true},"35":{"start":{"line":133,"column":12},"end":{"line":133,"column":79},"skip":true},"36":{"start":{"line":134,"column":12},"end":{"line":134,"column":25},"skip":true},"37":{"start":{"line":135,"column":12},"end":{"line":135,"column":45},"skip":true},"38":{"start":{"line":138,"column":8},"end":{"line":145,"column":14},"skip":true},"39":{"start":{"line":143,"column":16},"end":{"line":143,"column":29},"skip":true},"40":{"start":{"line":144,"column":16},"end":{"line":144,"column":55},"skip":true},"41":{"start":{"line":147,"column":8},"end":{"line":156,"column":10},"skip":true},"42":{"start":{"line":154,"column":12},"end":{"line":154,"column":25},"skip":true},"43":{"start":{"line":155,"column":12},"end":{"line":155,"column":45},"skip":true},"44":{"start":{"line":158,"column":8},"end":{"line":167,"column":10},"skip":true},"45":{"start":{"line":165,"column":12},"end":{"line":165,"column":25},"skip":true},"46":{"start":{"line":166,"column":12},"end":{"line":166,"column":48},"skip":true},"47":{"start":{"line":169,"column":8},"end":{"line":178,"column":10},"skip":true},"48":{"start":{"line":176,"column":12},"end":{"line":176,"column":25},"skip":true},"49":{"start":{"line":177,"column":12},"end":{"line":177,"column":46},"skip":true},"50":{"start":{"line":180,"column":8},"end":{"line":189,"column":10},"skip":true},"51":{"start":{"line":187,"column":12},"end":{"line":187,"column":94},"skip":true},"52":{"start":{"line":188,"column":12},"end":{"line":188,"column":48},"skip":true},"53":{"start":{"line":192,"column":8},"end":{"line":192,"column":35},"skip":true},"54":{"start":{"line":193,"column":8},"end":{"line":193,"column":14},"skip":true}},"branchMap":{"1":{"line":25,"type":"binary-expr","locations":[{"start":{"line":25,"column":23},"end":{"line":25,"column":62}},{"start":{"line":26,"column":20},"end":{"line":26,"column":70}},{"start":{"line":27,"column":20},"end":{"line":27,"column":71}},{"start":{"line":28,"column":20},"end":{"line":28,"column":29}}]},"2":{"line":30,"type":"binary-expr","locations":[{"start":{"line":30,"column":23},"end":{"line":30,"column":37}},{"start":{"line":31,"column":20},"end":{"line":31,"column":61}},{"start":{"line":32,"column":20},"end":{"line":32,"column":70}},{"start":{"line":33,"column":20},"end":{"line":33,"column":26}}]},"3":{"line":37,"type":"cond-expr","locations":[{"start":{"line":38,"column":14},"end":{"line":38,"column":20}},{"start":{"line":39,"column":14},"end":{"line":39,"column":20}}]},"4":{"line":40,"type":"switch","locations":[{"start":{"line":42,"column":8},"end":{"line":47,"column":18}},{"start":{"line":49,"column":8},"end":{"line":52,"column":18}}]},"5":{"line":44,"type":"binary-expr","locations":[{"start":{"line":44,"column":16},"end":{"line":44,"column":44}},{"start":{"line":44,"column":48},"end":{"line":44,"column":66}}]},"6":{"line":50,"type":"binary-expr","locations":[{"start":{"line":50,"column":21},"end":{"line":50,"column":49}},{"start":{"line":50,"column":53},"end":{"line":50,"column":72}}]},"7":{"line":64,"type":"switch","locations":[{"start":{"line":69,"column":4},"end":{"line":70,"column":14}},{"start":{"line":75,"column":4},"end":{"line":76,"column":14}}]},"8":{"line":85,"type":"switch","locations":[{"start":{"line":90,"column":4},"end":{"line":105,"column":14}},{"start":{"line":111,"column":4},"end":{"line":193,"column":14},"skip":true}]},"9":{"line":91,"type":"binary-expr","locations":[{"start":{"line":91,"column":42},"end":{"line":91,"column":73}},{"start":{"line":91,"column":77},"end":{"line":99,"column":9}}]},"10":{"line":102,"type":"binary-expr","locations":[{"start":{"line":102,"column":18},"end":{"line":102,"column":32}},{"start":{"line":103,"column":12},"end":{"line":103,"column":53}},{"start":{"line":104,"column":12},"end":{"line":104,"column":61}}]},"11":{"line":112,"type":"binary-expr","locations":[{"start":{"line":112,"column":45},"end":{"line":112,"column":79},"skip":true},{"start":{"line":112,"column":83},"end":{"line":121,"column":9},"skip":true}]},"12":{"line":123,"type":"binary-expr","locations":[{"start":{"line":123,"column":42},"end":{"line":123,"column":73},"skip":true},{"start":{"line":123,"column":77},"end":{"line":136,"column":9},"skip":true}]},"13":{"line":138,"type":"binary-expr","locations":[{"start":{"line":138,"column":48},"end":{"line":138,"column":85},"skip":true},{"start":{"line":139,"column":12},"end":{"line":145,"column":13},"skip":true}]},"14":{"line":147,"type":"binary-expr","locations":[{"start":{"line":147,"column":42},"end":{"line":147,"column":73},"skip":true},{"start":{"line":147,"column":77},"end":{"line":156,"column":9},"skip":true}]},"15":{"line":158,"type":"binary-expr","locations":[{"start":{"line":158,"column":45},"end":{"line":158,"column":79},"skip":true},{"start":{"line":158,"column":83},"end":{"line":167,"column":9},"skip":true}]},"16":{"line":169,"type":"binary-expr","locations":[{"start":{"line":169,"column":43},"end":{"line":169,"column":75},"skip":true},{"start":{"line":169,"column":79},"end":{"line":178,"column":9},"skip":true}]},"17":{"line":180,"type":"binary-expr","locations":[{"start":{"line":180,"column":41},"end":{"line":180,"column":71},"skip":true},{"start":{"line":180,"column":75},"end":{"line":189,"column":9},"skip":true}]}},"code":["/* istanbul instrument in package npmtest_sematable */","/*jslint","    bitwise: true,","    browser: true,","    maxerr: 8,","    maxlen: 96,","    node: true,","    nomen: true,","    regexp: true,","    stupid: true","*/","(function () {","    'use strict';","    var local;","","","","    // run shared js-env code - pre-init","    (function () {","        // init local","        local = {};","        // init modeJs","        local.modeJs = (function () {","            try {","                return typeof navigator.userAgent === 'string' &&","                    typeof document.querySelector('body') === 'object' &&","                    typeof XMLHttpRequest.prototype.open === 'function' &&","                    'browser';","            } catch (errorCaughtBrowser) {","                return module.exports &&","                    typeof process.versions.node === 'string' &&","                    typeof require('http').createServer === 'function' &&","                    'node';","            }","        }());","        // init global","        local.global = local.modeJs === 'browser'","            ? window","            : global;","        switch (local.modeJs) {","        // re-init local from window.local","        case 'browser':","            local = local.global.utility2.objectSetDefault(","                local.global.utility2_rollup || local.global.local,","                local.global.utility2","            );","            break;","        // re-init local from example.js","        case 'node':","            local = (local.global.utility2_rollup || require('utility2'))","                .requireReadme();","            break;","        }","        // export local","        local.global.local = local;","    }());","","","","    // run shared js-env code - function","    (function () {","        return;","    }());","    switch (local.modeJs) {","","","","    // run browser js-env code - function","    case 'browser':","        break;","","","","    // run node js-env code - function","    case 'node':","        break;","    }","","","","    // run shared js-env code - post-init","    (function () {","        return;","    }());","    switch (local.modeJs) {","","","","    // run browser js-env code - post-init","    case 'browser':","        local.testCase_browser_nullCase = local.testCase_browser_nullCase || function (","            options,","            onError","        ) {","        /*","         * this function will test browsers's null-case handling-behavior-behavior","         */","            onError(null, options);","        };","","        // run tests","        local.nop(local.modeTest &&","            document.querySelector('#testRunButton1') &&","            document.querySelector('#testRunButton1').click());","        break;","","","","    // run node js-env code - post-init","    /* istanbul ignore next */","    case 'node':","        local.testCase_buildApidoc_default = local.testCase_buildApidoc_default || function (","            options,","            onError","        ) {","        /*","         * this function will test buildApidoc's default handling-behavior-behavior","         */","            options = { modulePathList: module.paths };","            local.buildApidoc(options, onError);","        };","","        local.testCase_buildApp_default = local.testCase_buildApp_default || function (","            options,","            onError","        ) {","        /*","         * this function will test buildApp's default handling-behavior-behavior","         */","            local.testCase_buildReadme_default(options, local.onErrorThrow);","            local.testCase_buildLib_default(options, local.onErrorThrow);","            local.testCase_buildTest_default(options, local.onErrorThrow);","            local.testCase_buildCustomOrg_default(options, local.onErrorThrow);","            options = [];","            local.buildApp(options, onError);","        };","","        local.testCase_buildCustomOrg_default = local.testCase_buildCustomOrg_default ||","            function (options, onError) {","            /*","             * this function will test buildCustomOrg's default handling-behavior","             */","                options = {};","                local.buildCustomOrg(options, onError);","            };","","        local.testCase_buildLib_default = local.testCase_buildLib_default || function (","            options,","            onError","        ) {","        /*","         * this function will test buildLib's default handling-behavior","         */","            options = {};","            local.buildLib(options, onError);","        };","","        local.testCase_buildReadme_default = local.testCase_buildReadme_default || function (","            options,","            onError","        ) {","        /*","         * this function will test buildReadme's default handling-behavior-behavior","         */","            options = {};","            local.buildReadme(options, onError);","        };","","        local.testCase_buildTest_default = local.testCase_buildTest_default || function (","            options,","            onError","        ) {","        /*","         * this function will test buildTest's default handling-behavior","         */","            options = {};","            local.buildTest(options, onError);","        };","","        local.testCase_webpage_default = local.testCase_webpage_default || function (","            options,","            onError","        ) {","        /*","         * this function will test webpage's default handling-behavior","         */","            options = { modeCoverageMerge: true, url: local.serverLocalHost + '?modeTest=1' };","            local.browserTest(options, onError);","        };","","        // run test-server","        local.testRunServer(local);","        break;","    }","}());",""],"l":{"12":2,"14":2,"19":2,"21":2,"23":2,"24":2,"25":2,"30":1,"37":2,"40":2,"43":1,"47":1,"50":1,"52":1,"55":2,"61":2,"62":2,"64":2,"70":1,"76":1,"82":2,"83":2,"85":2,"91":1,"98":1,"102":1,"105":1,"112":1,"119":1,"120":1,"123":1,"130":1,"131":1,"132":1,"133":1,"134":1,"135":1,"138":1,"143":2,"144":2,"147":1,"154":2,"155":2,"158":1,"165":2,"166":2,"169":1,"176":2,"177":2,"180":1,"187":1,"188":1,"192":1,"193":1}},"/home/travis/build/npmtest/node-npmtest-sematable/lib.npmtest_sematable.js":{"path":"/home/travis/build/npmtest/node-npmtest-sematable/lib.npmtest_sematable.js","s":{"1":2,"2":2,"3":2,"4":2,"5":2,"6":2,"7":2,"8":1,"9":2,"10":2,"11":2,"12":2,"13":1,"14":1,"15":1,"16":1},"b":{"1":[2,1,1,1],"2":[1,1,1,1],"3":[1,1],"4":[2,2],"5":[1,1]},"f":{"1":2,"2":2,"3":2},"fnMap":{"1":{"name":"(anonymous_1)","line":12,"loc":{"start":{"line":12,"column":1},"end":{"line":12,"column":13}}},"2":{"name":"(anonymous_2)","line":19,"loc":{"start":{"line":19,"column":5},"end":{"line":19,"column":17}}},"3":{"name":"(anonymous_3)","line":23,"loc":{"start":{"line":23,"column":24},"end":{"line":23,"column":36}}}},"statementMap":{"1":{"start":{"line":12,"column":0},"end":{"line":53,"column":5}},"2":{"start":{"line":14,"column":4},"end":{"line":14,"column":14}},"3":{"start":{"line":19,"column":4},"end":{"line":52,"column":9}},"4":{"start":{"line":21,"column":8},"end":{"line":21,"column":19}},"5":{"start":{"line":23,"column":8},"end":{"line":35,"column":13}},"6":{"start":{"line":24,"column":12},"end":{"line":34,"column":13}},"7":{"start":{"line":25,"column":16},"end":{"line":28,"column":30}},"8":{"start":{"line":30,"column":16},"end":{"line":33,"column":27}},"9":{"start":{"line":37,"column":8},"end":{"line":39,"column":21}},"10":{"start":{"line":41,"column":8},"end":{"line":41,"column":54}},"11":{"start":{"line":43,"column":8},"end":{"line":43,"column":54}},"12":{"start":{"line":45,"column":8},"end":{"line":51,"column":9}},"13":{"start":{"line":46,"column":12},"end":{"line":46,"column":60}},"14":{"start":{"line":48,"column":12},"end":{"line":48,"column":35}},"15":{"start":{"line":49,"column":12},"end":{"line":49,"column":49}},"16":{"start":{"line":50,"column":12},"end":{"line":50,"column":43}}},"branchMap":{"1":{"line":25,"type":"binary-expr","locations":[{"start":{"line":25,"column":23},"end":{"line":25,"column":62}},{"start":{"line":26,"column":20},"end":{"line":26,"column":70}},{"start":{"line":27,"column":20},"end":{"line":27,"column":71}},{"start":{"line":28,"column":20},"end":{"line":28,"column":29}}]},"2":{"line":30,"type":"binary-expr","locations":[{"start":{"line":30,"column":23},"end":{"line":30,"column":37}},{"start":{"line":31,"column":20},"end":{"line":31,"column":61}},{"start":{"line":32,"column":20},"end":{"line":32,"column":70}},{"start":{"line":33,"column":20},"end":{"line":33,"column":26}}]},"3":{"line":37,"type":"cond-expr","locations":[{"start":{"line":38,"column":14},"end":{"line":38,"column":20}},{"start":{"line":39,"column":14},"end":{"line":39,"column":20}}]},"4":{"line":41,"type":"binary-expr","locations":[{"start":{"line":41,"column":16},"end":{"line":41,"column":44}},{"start":{"line":41,"column":48},"end":{"line":41,"column":53}}]},"5":{"line":45,"type":"if","locations":[{"start":{"line":45,"column":8},"end":{"line":45,"column":8}},{"start":{"line":45,"column":8},"end":{"line":45,"column":8}}]}},"code":["/* istanbul instrument in package npmtest_sematable */","/*jslint","    bitwise: true,","    browser: true,","    maxerr: 8,","    maxlen: 96,","    node: true,","    nomen: true,","    regexp: true,","    stupid: true","*/","(function () {","    'use strict';","    var local;","","","","    // run shared js-env code - pre-init","    (function () {","        // init local","        local = {};","        // init modeJs","        local.modeJs = (function () {","            try {","                return typeof navigator.userAgent === 'string' &&","                    typeof document.querySelector('body') === 'object' &&","                    typeof XMLHttpRequest.prototype.open === 'function' &&","                    'browser';","            } catch (errorCaughtBrowser) {","                return module.exports &&","                    typeof process.versions.node === 'string' &&","                    typeof require('http').createServer === 'function' &&","                    'node';","            }","        }());","        // init global","        local.global = local.modeJs === 'browser'","            ? window","            : global;","        // init utility2_rollup","        local = local.global.utility2_rollup || local;","        // init lib","        local.local = local.npmtest_sematable = local;","        // init exports","        if (local.modeJs === 'browser') {","            local.global.utility2_npmtest_sematable = local;","        } else {","            module.exports = local;","            module.exports.__dirname = __dirname;","            module.exports.module = module;","        }","    }());","}());",""],"l":{"12":2,"14":2,"19":2,"21":2,"23":2,"24":2,"25":2,"30":1,"37":2,"41":2,"43":2,"45":2,"46":1,"48":1,"49":1,"50":1}},"/home/travis/build/npmtest/node-npmtest-sematable/example.js":{"path":"/home/travis/build/npmtest/node-npmtest-sematable/example.js","s":{"1":2,"2":2,"3":2,"4":2,"5":2,"6":2,"7":2,"8":1,"9":2,"10":2,"11":2,"12":2,"13":1,"14":2,"15":2,"16":2,"17":2,"18":2,"19":0,"20":2,"21":1,"22":1,"23":1,"24":1,"25":1,"26":0,"27":0,"28":1,"29":1,"30":2,"31":0,"32":0,"33":0,"34":1,"35":2,"36":2,"37":3,"38":3,"39":3,"40":3,"41":0,"42":3,"43":3,"44":3,"45":1,"46":3,"47":1,"48":1,"49":1,"50":1,"51":1,"52":1,"53":1,"54":1,"55":1,"56":1,"57":0,"58":1,"59":6,"60":6,"61":1,"62":2,"63":0,"64":2,"65":1,"66":1,"67":0,"68":0,"69":0,"70":0,"71":0,"72":0,"73":0,"74":0,"75":0,"76":0,"77":0,"78":0,"79":0,"80":0,"81":0,"82":0,"83":0},"b":{"1":[2,1,1,1],"2":[1,1,1,1],"3":[1,1],"4":[2,2],"5":[1,1],"6":[1,1],"7":[2,0],"8":[2,1,1,1,1,1],"9":[0,2,0],"10":[1,1],"11":[2,1,1],"12":[1,0],"13":[0,2],"14":[2,0,0,0,0,0,0],"15":[0,3],"16":[3,0],"17":[1,1],"18":[0,1],"19":[1,2,0,2],"20":[1,0],"21":[1,1],"22":[0,0],"23":[0,0],"24":[0,0],"25":[0,0],"26":[0,0],"27":[0,0],"28":[0,0]},"f":{"1":2,"2":2,"3":2,"4":2,"5":2,"6":2,"7":3,"8":3,"9":3,"10":1,"11":6,"12":0},"fnMap":{"1":{"name":"(anonymous_1)","line":26,"loc":{"start":{"line":26,"column":1},"end":{"line":26,"column":13}}},"2":{"name":"(anonymous_2)","line":33,"loc":{"start":{"line":33,"column":5},"end":{"line":33,"column":17}}},"3":{"name":"(anonymous_3)","line":37,"loc":{"start":{"line":37,"column":24},"end":{"line":37,"column":36}}},"4":{"name":"(anonymous_4)","line":69,"loc":{"start":{"line":69,"column":31},"end":{"line":69,"column":48}},"skip":true},"5":{"name":"(anonymous_5)","line":78,"loc":{"start":{"line":78,"column":26},"end":{"line":78,"column":45}},"skip":true},"6":{"name":"(anonymous_6)","line":123,"loc":{"start":{"line":123,"column":33},"end":{"line":123,"column":48}},"skip":true},"7":{"name":"(anonymous_7)","line":125,"loc":{"start":{"line":125,"column":27},"end":{"line":125,"column":39}},"skip":true},"8":{"name":"(anonymous_8)","line":133,"loc":{"start":{"line":133,"column":59},"end":{"line":133,"column":74}},"skip":true},"9":{"name":"(anonymous_9)","line":143,"loc":{"start":{"line":143,"column":45},"end":{"line":143,"column":62}},"skip":true},"10":{"name":"(anonymous_10)","line":144,"loc":{"start":{"line":144,"column":73},"end":{"line":144,"column":92}},"skip":true},"11":{"name":"(anonymous_11)","line":272,"loc":{"start":{"line":272,"column":51},"end":{"line":272,"column":77}},"skip":true},"12":{"name":"(anonymous_12)","line":315,"loc":{"start":{"line":315,"column":32},"end":{"line":315,"column":61}},"skip":true}},"statementMap":{"1":{"start":{"line":26,"column":0},"end":{"line":326,"column":5}},"2":{"start":{"line":28,"column":4},"end":{"line":28,"column":14}},"3":{"start":{"line":33,"column":4},"end":{"line":60,"column":9}},"4":{"start":{"line":35,"column":8},"end":{"line":35,"column":19}},"5":{"start":{"line":37,"column":8},"end":{"line":49,"column":13}},"6":{"start":{"line":38,"column":12},"end":{"line":48,"column":13}},"7":{"start":{"line":39,"column":16},"end":{"line":42,"column":30}},"8":{"start":{"line":44,"column":16},"end":{"line":47,"column":27}},"9":{"start":{"line":51,"column":8},"end":{"line":53,"column":21}},"10":{"start":{"line":55,"column":8},"end":{"line":57,"column":45}},"11":{"start":{"line":59,"column":8},"end":{"line":59,"column":35}},"12":{"start":{"line":61,"column":4},"end":{"line":325,"column":5}},"13":{"start":{"line":69,"column":8},"end":{"line":121,"column":10},"skip":true},"14":{"start":{"line":70,"column":12},"end":{"line":88,"column":13},"skip":true},"15":{"start":{"line":76,"column":16},"end":{"line":87,"column":19},"skip":true},"16":{"start":{"line":79,"column":20},"end":{"line":86,"column":21},"skip":true},"17":{"start":{"line":82,"column":24},"end":{"line":82,"column":43},"skip":true},"18":{"start":{"line":83,"column":24},"end":{"line":83,"column":30},"skip":true},"19":{"start":{"line":85,"column":24},"end":{"line":85,"column":49},"skip":true},"20":{"start":{"line":89,"column":12},"end":{"line":107,"column":13},"skip":true},"21":{"start":{"line":92,"column":16},"end":{"line":102,"column":17},"skip":true},"22":{"start":{"line":93,"column":20},"end":{"line":93,"column":86},"skip":true},"23":{"start":{"line":94,"column":20},"end":{"line":95,"column":45},"skip":true},"24":{"start":{"line":96,"column":20},"end":{"line":96,"column":42},"skip":true},"25":{"start":{"line":97,"column":20},"end":{"line":97,"column":48},"skip":true},"26":{"start":{"line":100,"column":20},"end":{"line":100,"column":85},"skip":true},"27":{"start":{"line":101,"column":20},"end":{"line":101,"column":96},"skip":true},"28":{"start":{"line":103,"column":16},"end":{"line":103,"column":22},"skip":true},"29":{"start":{"line":106,"column":16},"end":{"line":106,"column":22},"skip":true},"30":{"start":{"line":108,"column":12},"end":{"line":120,"column":13},"skip":true},"31":{"start":{"line":114,"column":16},"end":{"line":119,"column":17},"skip":true},"32":{"start":{"line":116,"column":20},"end":{"line":116,"column":78},"skip":true},"33":{"start":{"line":118,"column":20},"end":{"line":118,"column":47},"skip":true},"34":{"start":{"line":123,"column":8},"end":{"line":141,"column":11},"skip":true},"35":{"start":{"line":124,"column":12},"end":{"line":124,"column":54},"skip":true},"36":{"start":{"line":125,"column":12},"end":{"line":140,"column":14},"skip":true},"37":{"start":{"line":126,"column":16},"end":{"line":126,"column":28},"skip":true},"38":{"start":{"line":127,"column":16},"end":{"line":127,"column":69},"skip":true},"39":{"start":{"line":128,"column":16},"end":{"line":128,"column":75},"skip":true},"40":{"start":{"line":129,"column":16},"end":{"line":131,"column":17},"skip":true},"41":{"start":{"line":130,"column":20},"end":{"line":130,"column":27},"skip":true},"42":{"start":{"line":133,"column":16},"end":{"line":137,"column":36},"skip":true},"43":{"start":{"line":134,"column":20},"end":{"line":136,"column":55},"skip":true},"44":{"start":{"line":139,"column":16},"end":{"line":139,"column":57},"skip":true},"45":{"start":{"line":143,"column":8},"end":{"line":147,"column":11},"skip":true},"46":{"start":{"line":144,"column":12},"end":{"line":146,"column":15},"skip":true},"47":{"start":{"line":145,"column":16},"end":{"line":145,"column":70},"skip":true},"48":{"start":{"line":149,"column":8},"end":{"line":149,"column":31},"skip":true},"49":{"start":{"line":150,"column":8},"end":{"line":150,"column":14},"skip":true},"50":{"start":{"line":158,"column":8},"end":{"line":158,"column":31},"skip":true},"51":{"start":{"line":160,"column":8},"end":{"line":160,"column":33},"skip":true},"52":{"start":{"line":161,"column":8},"end":{"line":161,"column":37},"skip":true},"53":{"start":{"line":162,"column":8},"end":{"line":162,"column":35},"skip":true},"54":{"start":{"line":164,"column":8},"end":{"line":164,"column":50},"skip":true},"55":{"start":{"line":166,"column":8},"end":{"line":256,"column":2},"skip":true},"56":{"start":{"line":258,"column":8},"end":{"line":286,"column":9},"skip":true},"57":{"start":{"line":259,"column":12},"end":{"line":269,"column":14},"skip":true},"58":{"start":{"line":271,"column":12},"end":{"line":285,"column":19},"skip":true},"59":{"start":{"line":274,"column":20},"end":{"line":274,"column":35},"skip":true},"60":{"start":{"line":275,"column":20},"end":{"line":284,"column":21},"skip":true},"61":{"start":{"line":277,"column":24},"end":{"line":277,"column":64},"skip":true},"62":{"start":{"line":279,"column":24},"end":{"line":279,"column":40},"skip":true},"63":{"start":{"line":281,"column":24},"end":{"line":281,"column":40},"skip":true},"64":{"start":{"line":283,"column":24},"end":{"line":283,"column":39},"skip":true},"65":{"start":{"line":288,"column":8},"end":{"line":290,"column":9},"skip":true},"66":{"start":{"line":289,"column":12},"end":{"line":289,"column":18},"skip":true},"67":{"start":{"line":291,"column":8},"end":{"line":293,"column":54},"skip":true},"68":{"start":{"line":296,"column":8},"end":{"line":301,"column":37},"skip":true},"69":{"start":{"line":303,"column":8},"end":{"line":303,"column":82},"skip":true},"70":{"start":{"line":306,"column":8},"end":{"line":308,"column":9},"skip":true},"71":{"start":{"line":307,"column":12},"end":{"line":307,"column":82},"skip":true},"72":{"start":{"line":310,"column":8},"end":{"line":312,"column":9},"skip":true},"73":{"start":{"line":311,"column":12},"end":{"line":311,"column":18},"skip":true},"74":{"start":{"line":313,"column":8},"end":{"line":313,"column":54},"skip":true},"75":{"start":{"line":314,"column":8},"end":{"line":314,"column":69},"skip":true},"76":{"start":{"line":315,"column":8},"end":{"line":323,"column":36},"skip":true},"77":{"start":{"line":316,"column":12},"end":{"line":316,"column":61},"skip":true},"78":{"start":{"line":317,"column":12},"end":{"line":320,"column":13},"skip":true},"79":{"start":{"line":318,"column":16},"end":{"line":318,"column":75},"skip":true},"80":{"start":{"line":319,"column":16},"end":{"line":319,"column":23},"skip":true},"81":{"start":{"line":321,"column":12},"end":{"line":321,"column":38},"skip":true},"82":{"start":{"line":322,"column":12},"end":{"line":322,"column":27},"skip":true},"83":{"start":{"line":324,"column":8},"end":{"line":324,"column":14},"skip":true}},"branchMap":{"1":{"line":39,"type":"binary-expr","locations":[{"start":{"line":39,"column":23},"end":{"line":39,"column":62}},{"start":{"line":40,"column":20},"end":{"line":40,"column":70}},{"start":{"line":41,"column":20},"end":{"line":41,"column":71}},{"start":{"line":42,"column":20},"end":{"line":42,"column":29}}]},"2":{"line":44,"type":"binary-expr","locations":[{"start":{"line":44,"column":23},"end":{"line":44,"column":37}},{"start":{"line":45,"column":20},"end":{"line":45,"column":61}},{"start":{"line":46,"column":20},"end":{"line":46,"column":70}},{"start":{"line":47,"column":20},"end":{"line":47,"column":26}}]},"3":{"line":51,"type":"cond-expr","locations":[{"start":{"line":52,"column":14},"end":{"line":52,"column":20}},{"start":{"line":53,"column":14},"end":{"line":53,"column":20}}]},"4":{"line":55,"type":"binary-expr","locations":[{"start":{"line":55,"column":16},"end":{"line":55,"column":44}},{"start":{"line":55,"column":49},"end":{"line":57,"column":43}}]},"5":{"line":55,"type":"cond-expr","locations":[{"start":{"line":56,"column":14},"end":{"line":56,"column":53}},{"start":{"line":57,"column":14},"end":{"line":57,"column":43}}]},"6":{"line":61,"type":"switch","locations":[{"start":{"line":68,"column":4},"end":{"line":150,"column":14},"skip":true},{"start":{"line":156,"column":4},"end":{"line":324,"column":14},"skip":true}]},"7":{"line":70,"type":"if","locations":[{"start":{"line":70,"column":12},"end":{"line":70,"column":12},"skip":true},{"start":{"line":70,"column":12},"end":{"line":70,"column":12},"skip":true}]},"8":{"line":70,"type":"binary-expr","locations":[{"start":{"line":70,"column":16},"end":{"line":70,"column":22},"skip":true},{"start":{"line":70,"column":27},"end":{"line":70,"column":32},"skip":true},{"start":{"line":71,"column":20},"end":{"line":71,"column":39},"skip":true},{"start":{"line":72,"column":20},"end":{"line":72,"column":49},"skip":true},{"start":{"line":73,"column":20},"end":{"line":73,"column":58},"skip":true},{"start":{"line":74,"column":20},"end":{"line":74,"column":69},"skip":true}]},"9":{"line":79,"type":"switch","locations":[{"start":{"line":80,"column":20},"end":{"line":80,"column":33},"skip":true},{"start":{"line":81,"column":20},"end":{"line":83,"column":30},"skip":true},{"start":{"line":84,"column":20},"end":{"line":85,"column":49},"skip":true}]},"10":{"line":89,"type":"switch","locations":[{"start":{"line":90,"column":12},"end":{"line":103,"column":22},"skip":true},{"start":{"line":105,"column":12},"end":{"line":106,"column":22},"skip":true}]},"11":{"line":89,"type":"binary-expr","locations":[{"start":{"line":89,"column":20},"end":{"line":89,"column":25},"skip":true},{"start":{"line":89,"column":29},"end":{"line":89,"column":48},"skip":true},{"start":{"line":89,"column":52},"end":{"line":89,"column":74},"skip":true}]},"12":{"line":92,"type":"if","locations":[{"start":{"line":92,"column":16},"end":{"line":92,"column":16},"skip":true},{"start":{"line":92,"column":16},"end":{"line":92,"column":16},"skip":true}]},"13":{"line":108,"type":"if","locations":[{"start":{"line":108,"column":12},"end":{"line":108,"column":12},"skip":true},{"start":{"line":108,"column":12},"end":{"line":108,"column":12},"skip":true}]},"14":{"line":108,"type":"binary-expr","locations":[{"start":{"line":108,"column":16},"end":{"line":108,"column":61},"skip":true},{"start":{"line":108,"column":66},"end":{"line":108,"column":72},"skip":true},{"start":{"line":108,"column":77},"end":{"line":108,"column":82},"skip":true},{"start":{"line":109,"column":20},"end":{"line":109,"column":39},"skip":true},{"start":{"line":110,"column":20},"end":{"line":110,"column":49},"skip":true},{"start":{"line":111,"column":20},"end":{"line":111,"column":58},"skip":true},{"start":{"line":112,"column":20},"end":{"line":112,"column":68},"skip":true}]},"15":{"line":129,"type":"if","locations":[{"start":{"line":129,"column":16},"end":{"line":129,"column":16},"skip":true},{"start":{"line":129,"column":16},"end":{"line":129,"column":16},"skip":true}]},"16":{"line":134,"type":"cond-expr","locations":[{"start":{"line":135,"column":26},"end":{"line":135,"column":29},"skip":true},{"start":{"line":136,"column":26},"end":{"line":136,"column":54},"skip":true}]},"17":{"line":164,"type":"binary-expr","locations":[{"start":{"line":164,"column":27},"end":{"line":164,"column":43},"skip":true},{"start":{"line":164,"column":47},"end":{"line":164,"column":49},"skip":true}]},"18":{"line":258,"type":"if","locations":[{"start":{"line":258,"column":8},"end":{"line":258,"column":8},"skip":true},{"start":{"line":258,"column":8},"end":{"line":258,"column":8},"skip":true}]},"19":{"line":275,"type":"switch","locations":[{"start":{"line":276,"column":20},"end":{"line":277,"column":64},"skip":true},{"start":{"line":278,"column":20},"end":{"line":279,"column":40},"skip":true},{"start":{"line":280,"column":20},"end":{"line":281,"column":40},"skip":true},{"start":{"line":282,"column":20},"end":{"line":283,"column":39},"skip":true}]},"20":{"line":288,"type":"if","locations":[{"start":{"line":288,"column":8},"end":{"line":288,"column":8},"skip":true},{"start":{"line":288,"column":8},"end":{"line":288,"column":8},"skip":true}]},"21":{"line":288,"type":"binary-expr","locations":[{"start":{"line":288,"column":12},"end":{"line":288,"column":40},"skip":true},{"start":{"line":288,"column":44},"end":{"line":288,"column":67},"skip":true}]},"22":{"line":292,"type":"binary-expr","locations":[{"start":{"line":292,"column":12},"end":{"line":292,"column":50},"skip":true},{"start":{"line":293,"column":12},"end":{"line":293,"column":53},"skip":true}]},"23":{"line":297,"type":"binary-expr","locations":[{"start":{"line":297,"column":12},"end":{"line":297,"column":67},"skip":true},{"start":{"line":298,"column":12},"end":{"line":301,"column":36},"skip":true}]},"24":{"line":303,"type":"binary-expr","locations":[{"start":{"line":303,"column":43},"end":{"line":303,"column":75},"skip":true},{"start":{"line":303,"column":79},"end":{"line":303,"column":81},"skip":true}]},"25":{"line":306,"type":"if","locations":[{"start":{"line":306,"column":8},"end":{"line":306,"column":8},"skip":true},{"start":{"line":306,"column":8},"end":{"line":306,"column":8},"skip":true}]},"26":{"line":310,"type":"if","locations":[{"start":{"line":310,"column":8},"end":{"line":310,"column":8},"skip":true},{"start":{"line":310,"column":8},"end":{"line":310,"column":8},"skip":true}]},"27":{"line":313,"type":"binary-expr","locations":[{"start":{"line":313,"column":27},"end":{"line":313,"column":43},"skip":true},{"start":{"line":313,"column":47},"end":{"line":313,"column":53},"skip":true}]},"28":{"line":317,"type":"if","locations":[{"start":{"line":317,"column":12},"end":{"line":317,"column":12},"skip":true},{"start":{"line":317,"column":12},"end":{"line":317,"column":12},"skip":true}]}},"code":["/*","example.js","","quickstart example","","instruction","    1. save this script as example.js","    2. run the shell command:","        $ npm install npmtest-sematable && PORT=8081 node example.js","    3. play with the browser-demo on http://127.0.0.1:8081","*/","","","","/* istanbul instrument in package npmtest_sematable */","/*jslint","    bitwise: true,","    browser: true,","    maxerr: 8,","    maxlen: 96,","    node: true,","    nomen: true,","    regexp: true,","    stupid: true","*/","(function () {","    'use strict';","    var local;","","","","    // run shared js-env code - pre-init","    (function () {","        // init local","        local = {};","        // init modeJs","        local.modeJs = (function () {","            try {","                return typeof navigator.userAgent === 'string' &&","                    typeof document.querySelector('body') === 'object' &&","                    typeof XMLHttpRequest.prototype.open === 'function' &&","                    'browser';","            } catch (errorCaughtBrowser) {","                return module.exports &&","                    typeof process.versions.node === 'string' &&","                    typeof require('http').createServer === 'function' &&","                    'node';","            }","        }());","        // init global","        local.global = local.modeJs === 'browser'","            ? window","            : global;","        // init utility2_rollup","        local = local.global.utility2_rollup || (local.modeJs === 'browser'","            ? local.global.utility2_npmtest_sematable","            : global.utility2_moduleExports);","        // export local","        local.global.local = local;","    }());","    switch (local.modeJs) {","","","","    // post-init","    // run browser js-env code - post-init","    /* istanbul ignore next */","    case 'browser':","        local.testRunBrowser = function (event) {","            if (!event || (event &&","                    event.currentTarget &&","                    event.currentTarget.className &&","                    event.currentTarget.className.includes &&","                    event.currentTarget.className.includes('onreset'))) {","                // reset output","                Array.from(","                    document.querySelectorAll('body > .resettable')","                ).forEach(function (element) {","                    switch (element.tagName) {","                    case 'INPUT':","                    case 'TEXTAREA':","                        element.value = '';","                        break;","                    default:","                        element.textContent = '';","                    }","                });","            }","            switch (event && event.currentTarget && event.currentTarget.id) {","            case 'testRunButton1':","                // show tests","                if (document.querySelector('#testReportDiv1').style.display === 'none') {","                    document.querySelector('#testReportDiv1').style.display = 'block';","                    document.querySelector('#testRunButton1').textContent =","                        'hide internal test';","                    local.modeTest = true;","                    local.testRunDefault(local);","                // hide tests","                } else {","                    document.querySelector('#testReportDiv1').style.display = 'none';","                    document.querySelector('#testRunButton1').textContent = 'run internal test';","                }","                break;","            // custom-case","            default:","                break;","            }","            if (document.querySelector('#inputTextareaEval1') && (!event || (event &&","                    event.currentTarget &&","                    event.currentTarget.className &&","                    event.currentTarget.className.includes &&","                    event.currentTarget.className.includes('oneval')))) {","                // try to eval input-code","                try {","                    /*jslint evil: true*/","                    eval(document.querySelector('#inputTextareaEval1').value);","                } catch (errorCaught) {","                    console.error(errorCaught);","                }","            }","        };","        // log stderr and stdout to #outputTextareaStdout1","        ['error', 'log'].forEach(function (key) {","            console[key + '_original'] = console[key];","            console[key] = function () {","                var element;","                console[key + '_original'].apply(console, arguments);","                element = document.querySelector('#outputTextareaStdout1');","                if (!element) {","                    return;","                }","                // append text to #outputTextareaStdout1","                element.value += Array.from(arguments).map(function (arg) {","                    return typeof arg === 'string'","                        ? arg","                        : JSON.stringify(arg, null, 4);","                }).join(' ') + '\\n';","                // scroll textarea to bottom","                element.scrollTop = element.scrollHeight;","            };","        });","        // init event-handling","        ['change', 'click', 'keyup'].forEach(function (event) {","            Array.from(document.querySelectorAll('.on' + event)).forEach(function (element) {","                element.addEventListener(event, local.testRunBrowser);","            });","        });","        // run tests","        local.testRunBrowser();","        break;","","","","    // run node js-env code - post-init","    /* istanbul ignore next */","    case 'node':","        // export local","        module.exports = local;","        // require modules","        local.fs = require('fs');","        local.http = require('http');","        local.url = require('url');","        // init assets","        local.assetsDict = local.assetsDict || {};","        /* jslint-ignore-begin */","        local.assetsDict['/assets.index.template.html'] = '\\","<!doctype html>\\n\\","<html lang=\"en\">\\n\\","<head>\\n\\","<meta charset=\"UTF-8\">\\n\\","<meta name=\"viewport\" content=\"width=device-width, initial-scale=1\">\\n\\","<title>{{env.npm_package_name}} (v{{env.npm_package_version}})</title>\\n\\","<style>\\n\\","/*csslint\\n\\","    box-sizing: false,\\n\\","    universal-selector: false\\n\\","*/\\n\\","* {\\n\\","    box-sizing: border-box;\\n\\","}\\n\\","body {\\n\\","    background: #dde;\\n\\","    font-family: Arial, Helvetica, sans-serif;\\n\\","    margin: 2rem;\\n\\","}\\n\\","body > * {\\n\\","    margin-bottom: 1rem;\\n\\","}\\n\\",".utility2FooterDiv {\\n\\","    margin-top: 20px;\\n\\","    text-align: center;\\n\\","}\\n\\","</style>\\n\\","<style>\\n\\","/*csslint\\n\\","*/\\n\\","textarea {\\n\\","    font-family: monospace;\\n\\","    height: 10rem;\\n\\","    width: 100%;\\n\\","}\\n\\","textarea[readonly] {\\n\\","    background: #ddd;\\n\\","}\\n\\","</style>\\n\\","</head>\\n\\","<body>\\n\\","<!-- utility2-comment\\n\\","<div id=\"ajaxProgressDiv1\" style=\"background: #d00; height: 2px; left: 0; margin: 0; padding: 0; position: fixed; top: 0; transition: background 0.5s, width 1.5s; width: 25%;\"></div>\\n\\","utility2-comment -->\\n\\","<h1>\\n\\","<!-- utility2-comment\\n\\","    <a\\n\\","        {{#if env.npm_package_homepage}}\\n\\","        href=\"{{env.npm_package_homepage}}\"\\n\\","        {{/if env.npm_package_homepage}}\\n\\","        target=\"_blank\"\\n\\","    >\\n\\","utility2-comment -->\\n\\","        {{env.npm_package_name}} (v{{env.npm_package_version}})\\n\\","<!-- utility2-comment\\n\\","    </a>\\n\\","utility2-comment -->\\n\\","</h1>\\n\\","<h3>{{env.npm_package_description}}</h3>\\n\\","<!-- utility2-comment\\n\\","<h4><a download href=\"assets.app.js\">download standalone app</a></h4>\\n\\","<button class=\"onclick onreset\" id=\"testRunButton1\">run internal test</button><br>\\n\\","<div id=\"testReportDiv1\" style=\"display: none;\"></div>\\n\\","utility2-comment -->\\n\\","\\n\\","\\n\\","\\n\\","<label>stderr and stdout</label>\\n\\","<textarea class=\"resettable\" id=\"outputTextareaStdout1\" readonly></textarea>\\n\\","<!-- utility2-comment\\n\\","{{#if isRollup}}\\n\\","<script src=\"assets.app.js\"></script>\\n\\","{{#unless isRollup}}\\n\\","utility2-comment -->\\n\\","<script src=\"assets.utility2.rollup.js\"></script>\\n\\","<script src=\"jsonp.utility2._stateInit?callback=window.utility2._stateInit\"></script>\\n\\","<script src=\"assets.npmtest_sematable.rollup.js\"></script>\\n\\","<script src=\"assets.example.js\"></script>\\n\\","<script src=\"assets.test.js\"></script>\\n\\","<!-- utility2-comment\\n\\","{{/if isRollup}}\\n\\","utility2-comment -->\\n\\","<div class=\"utility2FooterDiv\">\\n\\","    [ this app was created with\\n\\","    <a href=\"https://github.com/kaizhu256/node-utility2\" target=\"_blank\">utility2</a>\\n\\","    ]\\n\\","</div>\\n\\","</body>\\n\\","</html>\\n\\","';","        /* jslint-ignore-end */","        if (local.templateRender) {","            local.assetsDict['/'] = local.templateRender(","                local.assetsDict['/assets.index.template.html'],","                {","                    env: local.objectSetDefault(local.env, {","                        npm_package_description: 'the greatest app in the world!',","                        npm_package_name: 'my-app',","                        npm_package_nameAlias: 'my_app',","                        npm_package_version: '0.0.1'","                    })","                }","            );","        } else {","            local.assetsDict['/'] = local.assetsDict['/assets.index.template.html']","                .replace((/\\{\\{env\\.(\\w+?)\\}\\}/g), function (match0, match1) {","                    // jslint-hack","                    String(match0);","                    switch (match1) {","                    case 'npm_package_description':","                        return 'the greatest app in the world!';","                    case 'npm_package_name':","                        return 'my-app';","                    case 'npm_package_nameAlias':","                        return 'my_app';","                    case 'npm_package_version':","                        return '0.0.1';","                    }","                });","        }","        // run the cli","        if (local.global.utility2_rollup || module !== require.main) {","            break;","        }","        local.assetsDict['/assets.example.js'] =","            local.assetsDict['/assets.example.js'] ||","            local.fs.readFileSync(__filename, 'utf8');","        // bug-workaround - long $npm_package_buildCustomOrg","        /* jslint-ignore-begin */","        local.assetsDict['/assets.npmtest_sematable.rollup.js'] =","            local.assetsDict['/assets.npmtest_sematable.rollup.js'] ||","            local.fs.readFileSync(","                local.npmtest_sematable.__dirname + '/lib.npmtest_sematable.js',","                'utf8'","            ).replace((/^#!/), '//');","        /* jslint-ignore-end */","        local.assetsDict['/favicon.ico'] = local.assetsDict['/favicon.ico'] || '';","        // if $npm_config_timeout_exit exists,","        // then exit this process after $npm_config_timeout_exit ms","        if (Number(process.env.npm_config_timeout_exit)) {","            setTimeout(process.exit, Number(process.env.npm_config_timeout_exit));","        }","        // start server","        if (local.global.utility2_serverHttp1) {","            break;","        }","        process.env.PORT = process.env.PORT || '8081';","        console.error('server starting on port ' + process.env.PORT);","        local.http.createServer(function (request, response) {","            request.urlParsed = local.url.parse(request.url);","            if (local.assetsDict[request.urlParsed.pathname] !== undefined) {","                response.end(local.assetsDict[request.urlParsed.pathname]);","                return;","            }","            response.statusCode = 404;","            response.end();","        }).listen(process.env.PORT);","        break;","    }","}());",""],"l":{"26":2,"28":2,"33":2,"35":2,"37":2,"38":2,"39":2,"44":1,"51":2,"55":2,"59":2,"61":2,"69":1,"70":2,"76":2,"79":2,"82":2,"83":2,"85":1,"89":2,"92":1,"93":1,"94":1,"96":1,"97":1,"100":1,"101":1,"103":1,"106":1,"108":2,"114":1,"116":1,"118":1,"123":1,"124":2,"125":2,"126":3,"127":3,"128":3,"129":3,"130":1,"133":3,"134":3,"139":3,"143":1,"144":3,"145":1,"149":1,"150":1,"158":1,"160":1,"161":1,"162":1,"164":1,"166":1,"258":1,"259":1,"271":1,"274":6,"275":6,"277":1,"279":2,"281":1,"283":2,"288":1,"289":1,"291":1,"296":1,"303":1,"306":1,"307":1,"310":1,"311":1,"313":1,"314":1,"315":1,"316":1,"317":1,"318":1,"319":1,"321":1,"322":1,"324":1}},"/home/travis/build/npmtest/node-npmtest-sematable/node_modules/sematable/lib/index.js":{"path":"/home/travis/build/npmtest/node-npmtest-sematable/node_modules/sematable/lib/index.js","s":{"1":1,"2":1,"3":1,"4":1,"5":1,"6":1,"7":1,"8":1,"9":1,"10":1,"11":1,"12":1,"13":1,"14":1,"15":1,"16":1,"17":1,"18":1,"19":1,"20":1,"21":8,"22":1,"23":1,"24":1,"25":1,"26":1,"27":1,"28":1,"29":1,"30":1,"31":1},"b":{"1":[8,0],"2":[8,8]},"f":{"1":8},"fnMap":{"1":{"name":"_interopRequireDefault","line":42,"loc":{"start":{"line":42,"column":0},"end":{"line":42,"column":37}}}},"statementMap":{"1":{"start":{"line":3,"column":0},"end":{"line":5,"column":3}},"2":{"start":{"line":6,"column":0},"end":{"line":6,"column":211}},"3":{"start":{"line":8,"column":0},"end":{"line":8,"column":43}},"4":{"start":{"line":10,"column":0},"end":{"line":10,"column":53}},"5":{"start":{"line":12,"column":0},"end":{"line":12,"column":53}},"6":{"start":{"line":14,"column":0},"end":{"line":14,"column":63}},"7":{"start":{"line":16,"column":0},"end":{"line":16,"column":55}},"8":{"start":{"line":18,"column":0},"end":{"line":18,"column":65}},"9":{"start":{"line":20,"column":0},"end":{"line":20,"column":43}},"10":{"start":{"line":22,"column":0},"end":{"line":22,"column":53}},"11":{"start":{"line":24,"column":0},"end":{"line":24,"column":41}},"12":{"start":{"line":26,"column":0},"end":{"line":26,"column":51}},"13":{"start":{"line":28,"column":0},"end":{"line":28,"column":35}},"14":{"start":{"line":30,"column":0},"end":{"line":30,"column":45}},"15":{"start":{"line":32,"column":0},"end":{"line":32,"column":43}},"16":{"start":{"line":34,"column":0},"end":{"line":34,"column":53}},"17":{"start":{"line":36,"column":0},"end":{"line":36,"column":39}},"18":{"start":{"line":38,"column":0},"end":{"line":38,"column":49}},"19":{"start":{"line":40,"column":0},"end":{"line":40,"column":39}},"20":{"start":{"line":42,"column":0},"end":{"line":42,"column":95}},"21":{"start":{"line":42,"column":39},"end":{"line":42,"column":93}},"22":{"start":{"line":44,"column":0},"end":{"line":44,"column":50}},"23":{"start":{"line":45,"column":0},"end":{"line":45,"column":52}},"24":{"start":{"line":46,"column":0},"end":{"line":46,"column":40}},"25":{"start":{"line":47,"column":0},"end":{"line":47,"column":32}},"26":{"start":{"line":48,"column":0},"end":{"line":48,"column":38}},"27":{"start":{"line":49,"column":0},"end":{"line":49,"column":44}},"28":{"start":{"line":50,"column":0},"end":{"line":50,"column":55}},"29":{"start":{"line":51,"column":0},"end":{"line":51,"column":49}},"30":{"start":{"line":52,"column":0},"end":{"line":52,"column":36}},"31":{"start":{"line":53,"column":0},"end":{"line":53,"column":38}}},"branchMap":{"1":{"line":42,"type":"cond-expr","locations":[{"start":{"line":42,"column":70},"end":{"line":42,"column":73}},{"start":{"line":42,"column":76},"end":{"line":42,"column":92}}]},"2":{"line":42,"type":"binary-expr","locations":[{"start":{"line":42,"column":46},"end":{"line":42,"column":49}},{"start":{"line":42,"column":53},"end":{"line":42,"column":67}}]}},"code":["'use strict';","","Object.defineProperty(exports, \"__esModule\", {","  value: true","});","exports.reducer = exports.tableSetFilter = exports.tableDestroyState = exports.makeSelectors = exports.TableRow = exports.Table = exports.SelectRow = exports.SelectAllHeader = exports.SortableHeader = undefined;","","var _sematable = require('./sematable.js');","","var _sematable2 = _interopRequireDefault(_sematable);","","var _SortableHeader = require('./SortableHeader.js');","","var _SortableHeader2 = _interopRequireDefault(_SortableHeader);","","var _SelectAllHeader = require('./SelectAllHeader.js');","","var _SelectAllHeader2 = _interopRequireDefault(_SelectAllHeader);","","var _SelectRow = require('./SelectRow.js');","","var _SelectRow2 = _interopRequireDefault(_SelectRow);","","var _TableRow = require('./TableRow.js');","","var _TableRow2 = _interopRequireDefault(_TableRow);","","var _Table = require('./Table.js');","","var _Table2 = _interopRequireDefault(_Table);","","var _selectors = require('./selectors.js');","","var _selectors2 = _interopRequireDefault(_selectors);","","var _reducer = require('./reducer.js');","","var _reducer2 = _interopRequireDefault(_reducer);","","var _actions = require('./actions.js');","","function _interopRequireDefault(obj) { return obj && obj.__esModule ? obj : { default: obj }; }","","exports.SortableHeader = _SortableHeader2.default;","exports.SelectAllHeader = _SelectAllHeader2.default;","exports.SelectRow = _SelectRow2.default;","exports.Table = _Table2.default;","exports.TableRow = _TableRow2.default;","exports.makeSelectors = _selectors2.default;","exports.tableDestroyState = _actions.tableDestroyState;","exports.tableSetFilter = _actions.tableSetFilter;","exports.reducer = _reducer2.default;","exports.default = _sematable2.default;"],"l":{"3":1,"6":1,"8":1,"10":1,"12":1,"14":1,"16":1,"18":1,"20":1,"22":1,"24":1,"26":1,"28":1,"30":1,"32":1,"34":1,"36":1,"38":1,"40":1,"42":8,"44":1,"45":1,"46":1,"47":1,"48":1,"49":1,"50":1,"51":1,"52":1,"53":1}},"/home/travis/build/npmtest/node-npmtest-sematable/node_modules/sematable/lib/sematable.js":{"path":"/home/travis/build/npmtest/node-npmtest-sematable/node_modules/sematable/lib/sematable.js","s":{"1":1,"2":1,"3":0,"4":0,"5":0,"6":0,"7":0,"8":0,"9":1,"10":1,"11":0,"12":0,"13":0,"14":0,"15":0,"16":0,"17":0,"18":1,"19":0,"20":0,"21":0,"22":0,"23":0,"24":1,"25":1,"26":1,"27":1,"28":1,"29":1,"30":1,"31":1,"32":1,"33":1,"34":1,"35":1,"36":1,"37":1,"38":1,"39":6,"40":1,"41":0,"42":0,"43":0,"44":0,"45":0,"46":0,"47":0,"48":0,"49":1,"50":0,"51":0,"52":1,"53":0,"54":0,"55":0,"56":1,"57":0,"58":0,"59":0,"60":0,"61":0,"62":1,"63":1,"64":0,"65":0,"66":0,"67":0,"68":0,"69":0,"70":0,"71":0,"72":0,"73":0,"74":0,"75":0,"76":0,"77":0,"78":0,"79":0,"80":0,"81":0,"82":0,"83":0,"84":0,"85":1,"86":0,"87":0,"88":0,"89":0,"90":0,"91":0,"92":0,"93":0,"94":0,"95":0,"96":0,"97":0,"98":0,"99":0,"100":0,"101":0,"102":0,"103":0,"104":0,"105":0,"106":0,"107":0,"108":0,"109":0,"110":0,"111":0,"112":0,"113":0,"114":0,"115":0,"116":0,"117":1},"b":{"1":[1,0],"2":[0,0],"3":[0,0],"4":[0,0],"5":[0,0],"6":[0,0],"7":[4,2],"8":[6,6],"9":[0,0],"10":[0,0],"11":[0,0],"12":[0,0],"13":[0,0],"14":[0,0,0],"15":[0,0],"16":[0,0],"17":[0,0],"18":[0,0],"19":[0,0],"20":[0,0],"21":[0,0],"22":[0,0],"23":[0,0],"24":[0,0],"25":[0,0],"26":[0,0],"27":[0,0],"28":[0,0],"29":[0,0],"30":[0,0],"31":[0,0],"32":[0,0],"33":[0,0],"34":[0,0]},"f":{"1":0,"2":1,"3":0,"4":0,"5":6,"6":0,"7":0,"8":0,"9":0,"10":0,"11":0,"12":0,"13":0,"14":0,"15":0,"16":0,"17":0,"18":0,"19":0,"20":0,"21":0,"22":0,"23":0,"24":0,"25":0,"26":0,"27":0,"28":0,"29":0,"30":0,"31":0,"32":0,"33":0,"34":0},"fnMap":{"1":{"name":"(anonymous_1)","line":7,"loc":{"start":{"line":7,"column":32},"end":{"line":7,"column":50}}},"2":{"name":"(anonymous_2)","line":9,"loc":{"start":{"line":9,"column":19},"end":{"line":9,"column":31}}},"3":{"name":"defineProperties","line":9,"loc":{"start":{"line":9,"column":33},"end":{"line":9,"column":74}}},"4":{"name":"(anonymous_4)","line":9,"loc":{"start":{"line":9,"column":357},"end":{"line":9,"column":405}}},"5":{"name":"_interopRequireDefault","line":39,"loc":{"start":{"line":39,"column":0},"end":{"line":39,"column":37}}},"6":{"name":"_objectWithoutProperties","line":41,"loc":{"start":{"line":41,"column":0},"end":{"line":41,"column":45}}},"7":{"name":"_classCallCheck","line":43,"loc":{"start":{"line":43,"column":0},"end":{"line":43,"column":48}}},"8":{"name":"_possibleConstructorReturn","line":45,"loc":{"start":{"line":45,"column":0},"end":{"line":45,"column":48}}},"9":{"name":"_inherits","line":47,"loc":{"start":{"line":47,"column":0},"end":{"line":47,"column":41}}},"10":{"name":"sematable","line":89,"loc":{"start":{"line":89,"column":16},"end":{"line":89,"column":71}}},"11":{"name":"mapStateToProps","line":94,"loc":{"start":{"line":94,"column":24},"end":{"line":94,"column":56}}},"12":{"name":"mapDispatchToProps","line":114,"loc":{"start":{"line":114,"column":27},"end":{"line":114,"column":65}}},"13":{"name":"onPageChange","line":116,"loc":{"start":{"line":116,"column":20},"end":{"line":116,"column":48}}},"14":{"name":"onPageSizeChange","line":119,"loc":{"start":{"line":119,"column":24},"end":{"line":119,"column":60}}},"15":{"name":"onFilterChange","line":122,"loc":{"start":{"line":122,"column":22},"end":{"line":122,"column":54}}},"16":{"name":"onFilterTextChange","line":125,"loc":{"start":{"line":125,"column":26},"end":{"line":125,"column":66}}},"17":{"name":"onHeaderClick","line":128,"loc":{"start":{"line":128,"column":21},"end":{"line":128,"column":53}}},"18":{"name":"onNewData","line":131,"loc":{"start":{"line":131,"column":17},"end":{"line":131,"column":42}}},"19":{"name":"onNewFilterValue","line":134,"loc":{"start":{"line":134,"column":24},"end":{"line":134,"column":56}}},"20":{"name":"onSelectAllChange","line":137,"loc":{"start":{"line":137,"column":25},"end":{"line":137,"column":54}}},"21":{"name":"onRowCheckedChange","line":140,"loc":{"start":{"line":140,"column":26},"end":{"line":140,"column":59}}},"22":{"name":"onInitialize","line":143,"loc":{"start":{"line":143,"column":20},"end":{"line":143,"column":61}}},"23":{"name":"(anonymous_23)","line":149,"loc":{"start":{"line":149,"column":18},"end":{"line":149,"column":40}}},"24":{"name":"DataTable","line":152,"loc":{"start":{"line":152,"column":4},"end":{"line":152,"column":25}}},"25":{"name":"componentWillMount","line":160,"loc":{"start":{"line":160,"column":13},"end":{"line":160,"column":43}}},"26":{"name":"componentWillReceiveProps","line":170,"loc":{"start":{"line":170,"column":13},"end":{"line":170,"column":59}}},"27":{"name":"render","line":188,"loc":{"start":{"line":188,"column":13},"end":{"line":188,"column":31}}},"28":{"name":"isSelected","line":228,"loc":{"start":{"line":228,"column":25},"end":{"line":228,"column":50}}},"29":{"name":"(anonymous_29)","line":242,"loc":{"start":{"line":242,"column":66},"end":{"line":242,"column":88}}},"30":{"name":"handleClick","line":250,"loc":{"start":{"line":250,"column":25},"end":{"line":250,"column":49}}},"31":{"name":"onChange","line":271,"loc":{"start":{"line":271,"column":24},"end":{"line":271,"column":45}}},"32":{"name":"onChange","line":283,"loc":{"start":{"line":283,"column":24},"end":{"line":283,"column":45}}},"33":{"name":"onTextChange","line":286,"loc":{"start":{"line":286,"column":28},"end":{"line":286,"column":53}}},"34":{"name":"onPageChange","line":309,"loc":{"start":{"line":309,"column":28},"end":{"line":309,"column":53}}}},"statementMap":{"1":{"start":{"line":3,"column":0},"end":{"line":5,"column":3}},"2":{"start":{"line":7,"column":0},"end":{"line":7,"column":257}},"3":{"start":{"line":7,"column":52},"end":{"line":7,"column":239}},"4":{"start":{"line":7,"column":97},"end":{"line":7,"column":123}},"5":{"start":{"line":7,"column":124},"end":{"line":7,"column":237}},"6":{"start":{"line":7,"column":150},"end":{"line":7,"column":235}},"7":{"start":{"line":7,"column":207},"end":{"line":7,"column":233}},"8":{"start":{"line":7,"column":240},"end":{"line":7,"column":254}},"9":{"start":{"line":9,"column":0},"end":{"line":9,"column":564}},"10":{"start":{"line":9,"column":33},"end":{"line":9,"column":349}},"11":{"start":{"line":9,"column":76},"end":{"line":9,"column":347}},"12":{"start":{"line":9,"column":117},"end":{"line":9,"column":143}},"13":{"start":{"line":9,"column":144},"end":{"line":9,"column":199}},"14":{"start":{"line":9,"column":200},"end":{"line":9,"column":231}},"15":{"start":{"line":9,"column":232},"end":{"line":9,"column":286}},"16":{"start":{"line":9,"column":259},"end":{"line":9,"column":286}},"17":{"start":{"line":9,"column":287},"end":{"line":9,"column":345}},"18":{"start":{"line":9,"column":350},"end":{"line":9,"column":559}},"19":{"start":{"line":9,"column":407},"end":{"line":9,"column":475}},"20":{"start":{"line":9,"column":423},"end":{"line":9,"column":475}},"21":{"start":{"line":9,"column":476},"end":{"line":9,"column":536}},"22":{"start":{"line":9,"column":493},"end":{"line":9,"column":536}},"23":{"start":{"line":9,"column":537},"end":{"line":9,"column":556}},"24":{"start":{"line":11,"column":0},"end":{"line":11,"column":30}},"25":{"start":{"line":13,"column":0},"end":{"line":13,"column":45}},"26":{"start":{"line":15,"column":0},"end":{"line":15,"column":41}},"27":{"start":{"line":17,"column":0},"end":{"line":17,"column":32}},"28":{"start":{"line":19,"column":0},"end":{"line":19,"column":47}},"29":{"start":{"line":21,"column":0},"end":{"line":21,"column":37}},"30":{"start":{"line":23,"column":0},"end":{"line":23,"column":47}},"31":{"start":{"line":25,"column":0},"end":{"line":25,"column":45}},"32":{"start":{"line":27,"column":0},"end":{"line":27,"column":55}},"33":{"start":{"line":29,"column":0},"end":{"line":29,"column":41}},"34":{"start":{"line":31,"column":0},"end":{"line":31,"column":51}},"35":{"start":{"line":33,"column":0},"end":{"line":33,"column":43}},"36":{"start":{"line":35,"column":0},"end":{"line":35,"column":53}},"37":{"start":{"line":37,"column":0},"end":{"line":37,"column":39}},"38":{"start":{"line":39,"column":0},"end":{"line":39,"column":95}},"39":{"start":{"line":39,"column":39},"end":{"line":39,"column":93}},"40":{"start":{"line":41,"column":0},"end":{"line":41,"column":220}},"41":{"start":{"line":41,"column":47},"end":{"line":41,"column":63}},"42":{"start":{"line":41,"column":64},"end":{"line":41,"column":203}},"43":{"start":{"line":41,"column":85},"end":{"line":41,"column":120}},"44":{"start":{"line":41,"column":111},"end":{"line":41,"column":120}},"45":{"start":{"line":41,"column":121},"end":{"line":41,"column":181}},"46":{"start":{"line":41,"column":172},"end":{"line":41,"column":181}},"47":{"start":{"line":41,"column":182},"end":{"line":41,"column":201}},"48":{"start":{"line":41,"column":204},"end":{"line":41,"column":218}},"49":{"start":{"line":43,"column":0},"end":{"line":43,"column":153}},"50":{"start":{"line":43,"column":50},"end":{"line":43,"column":151}},"51":{"start":{"line":43,"column":92},"end":{"line":43,"column":149}},"52":{"start":{"line":45,"column":0},"end":{"line":45,"column":240}},"53":{"start":{"line":45,"column":50},"end":{"line":45,"column":151}},"54":{"start":{"line":45,"column":63},"end":{"line":45,"column":149}},"55":{"start":{"line":45,"column":152},"end":{"line":45,"column":238}},"56":{"start":{"line":47,"column":0},"end":{"line":47,"column":494}},"57":{"start":{"line":47,"column":43},"end":{"line":47,"column":208}},"58":{"start":{"line":47,"column":106},"end":{"line":47,"column":206}},"59":{"start":{"line":47,"column":209},"end":{"line":47,"column":373}},"60":{"start":{"line":47,"column":374},"end":{"line":47,"column":492}},"61":{"start":{"line":47,"column":390},"end":{"line":47,"column":492}},"62":{"start":{"line":49,"column":0},"end":{"line":73,"column":2}},"63":{"start":{"line":89,"column":0},"end":{"line":323,"column":2}},"64":{"start":{"line":90,"column":2},"end":{"line":90,"column":87}},"65":{"start":{"line":92,"column":2},"end":{"line":92,"column":54}},"66":{"start":{"line":94,"column":2},"end":{"line":112,"column":4}},"67":{"start":{"line":95,"column":4},"end":{"line":95,"column":58}},"68":{"start":{"line":96,"column":4},"end":{"line":100,"column":5}},"69":{"start":{"line":97,"column":6},"end":{"line":99,"column":8}},"70":{"start":{"line":101,"column":4},"end":{"line":111,"column":6}},"71":{"start":{"line":114,"column":2},"end":{"line":147,"column":4}},"72":{"start":{"line":115,"column":4},"end":{"line":146,"column":6}},"73":{"start":{"line":117,"column":8},"end":{"line":117,"column":73}},"74":{"start":{"line":120,"column":8},"end":{"line":120,"column":81}},"75":{"start":{"line":123,"column":8},"end":{"line":123,"column":77}},"76":{"start":{"line":126,"column":8},"end":{"line":126,"column":85}},"77":{"start":{"line":129,"column":8},"end":{"line":129,"column":76}},"78":{"start":{"line":132,"column":8},"end":{"line":132,"column":69}},"79":{"start":{"line":135,"column":8},"end":{"line":135,"column":71}},"80":{"start":{"line":138,"column":8},"end":{"line":138,"column":72}},"81":{"start":{"line":141,"column":8},"end":{"line":141,"column":78}},"82":{"start":{"line":144,"column":8},"end":{"line":144,"column":103}},"83":{"start":{"line":149,"column":2},"end":{"line":319,"column":22}},"84":{"start":{"line":150,"column":4},"end":{"line":150,"column":37}},"85":{"start":{"line":152,"column":4},"end":{"line":156,"column":5}},"86":{"start":{"line":153,"column":6},"end":{"line":153,"column":39}},"87":{"start":{"line":155,"column":6},"end":{"line":155,"column":128}},"88":{"start":{"line":158,"column":4},"end":{"line":316,"column":8}},"89":{"start":{"line":161,"column":8},"end":{"line":164,"column":47}},"90":{"start":{"line":166,"column":8},"end":{"line":166,"column":40}},"91":{"start":{"line":171,"column":8},"end":{"line":175,"column":56}},"92":{"start":{"line":178,"column":8},"end":{"line":180,"column":9}},"93":{"start":{"line":179,"column":10},"end":{"line":179,"column":36}},"94":{"start":{"line":182,"column":8},"end":{"line":184,"column":9}},"95":{"start":{"line":183,"column":10},"end":{"line":183,"column":50}},"96":{"start":{"line":189,"column":8},"end":{"line":207,"column":331}},"97":{"start":{"line":209,"column":8},"end":{"line":221,"column":58}},"98":{"start":{"line":224,"column":8},"end":{"line":226,"column":9}},"99":{"start":{"line":225,"column":10},"end":{"line":225,"column":60}},"100":{"start":{"line":228,"column":8},"end":{"line":230,"column":10}},"101":{"start":{"line":229,"column":10},"end":{"line":229,"column":62}},"102":{"start":{"line":232,"column":8},"end":{"line":238,"column":10}},"103":{"start":{"line":240,"column":8},"end":{"line":240,"column":63}},"104":{"start":{"line":241,"column":8},"end":{"line":241,"column":73}},"105":{"start":{"line":242,"column":8},"end":{"line":254,"column":11}},"106":{"start":{"line":243,"column":10},"end":{"line":253,"column":12}},"107":{"start":{"line":251,"column":14},"end":{"line":251,"column":38}},"108":{"start":{"line":256,"column":8},"end":{"line":258,"column":11}},"109":{"start":{"line":260,"column":8},"end":{"line":314,"column":10}},"110":{"start":{"line":272,"column":16},"end":{"line":272,"column":43}},"111":{"start":{"line":284,"column":16},"end":{"line":284,"column":41}},"112":{"start":{"line":287,"column":16},"end":{"line":287,"column":45}},"113":{"start":{"line":310,"column":16},"end":{"line":310,"column":40}},"114":{"start":{"line":318,"column":4},"end":{"line":318,"column":21}},"115":{"start":{"line":321,"column":2},"end":{"line":321,"column":34}},"116":{"start":{"line":322,"column":2},"end":{"line":322,"column":82}},"117":{"start":{"line":325,"column":0},"end":{"line":325,"column":28}}},"branchMap":{"1":{"line":7,"type":"binary-expr","locations":[{"start":{"line":7,"column":15},"end":{"line":7,"column":28}},{"start":{"line":7,"column":32},"end":{"line":7,"column":256}}]},"2":{"line":7,"type":"if","locations":[{"start":{"line":7,"column":150},"end":{"line":7,"column":150}},{"start":{"line":7,"column":150},"end":{"line":7,"column":150}}]},"3":{"line":9,"type":"binary-expr","locations":[{"start":{"line":9,"column":168},"end":{"line":9,"column":189}},{"start":{"line":9,"column":193},"end":{"line":9,"column":198}}]},"4":{"line":9,"type":"if","locations":[{"start":{"line":9,"column":232},"end":{"line":9,"column":232}},{"start":{"line":9,"column":232},"end":{"line":9,"column":232}}]},"5":{"line":9,"type":"if","locations":[{"start":{"line":9,"column":407},"end":{"line":9,"column":407}},{"start":{"line":9,"column":407},"end":{"line":9,"column":407}}]},"6":{"line":9,"type":"if","locations":[{"start":{"line":9,"column":476},"end":{"line":9,"column":476}},{"start":{"line":9,"column":476},"end":{"line":9,"column":476}}]},"7":{"line":39,"type":"cond-expr","locations":[{"start":{"line":39,"column":70},"end":{"line":39,"column":73}},{"start":{"line":39,"column":76},"end":{"line":39,"column":92}}]},"8":{"line":39,"type":"binary-expr","locations":[{"start":{"line":39,"column":46},"end":{"line":39,"column":49}},{"start":{"line":39,"column":53},"end":{"line":39,"column":67}}]},"9":{"line":41,"type":"if","locations":[{"start":{"line":41,"column":85},"end":{"line":41,"column":85}},{"start":{"line":41,"column":85},"end":{"line":41,"column":85}}]},"10":{"line":41,"type":"if","locations":[{"start":{"line":41,"column":121},"end":{"line":41,"column":121}},{"start":{"line":41,"column":121},"end":{"line":41,"column":121}}]},"11":{"line":43,"type":"if","locations":[{"start":{"line":43,"column":50},"end":{"line":43,"column":50}},{"start":{"line":43,"column":50},"end":{"line":43,"column":50}}]},"12":{"line":45,"type":"if","locations":[{"start":{"line":45,"column":50},"end":{"line":45,"column":50}},{"start":{"line":45,"column":50},"end":{"line":45,"column":50}}]},"13":{"line":45,"type":"cond-expr","locations":[{"start":{"line":45,"column":226},"end":{"line":45,"column":230}},{"start":{"line":45,"column":233},"end":{"line":45,"column":237}}]},"14":{"line":45,"type":"binary-expr","locations":[{"start":{"line":45,"column":159},"end":{"line":45,"column":163}},{"start":{"line":45,"column":168},"end":{"line":45,"column":192}},{"start":{"line":45,"column":196},"end":{"line":45,"column":222}}]},"15":{"line":47,"type":"if","locations":[{"start":{"line":47,"column":43},"end":{"line":47,"column":43}},{"start":{"line":47,"column":43},"end":{"line":47,"column":43}}]},"16":{"line":47,"type":"binary-expr","locations":[{"start":{"line":47,"column":47},"end":{"line":47,"column":79}},{"start":{"line":47,"column":83},"end":{"line":47,"column":102}}]},"17":{"line":47,"type":"binary-expr","locations":[{"start":{"line":47,"column":244},"end":{"line":47,"column":254}},{"start":{"line":47,"column":258},"end":{"line":47,"column":278}}]},"18":{"line":47,"type":"if","locations":[{"start":{"line":47,"column":374},"end":{"line":47,"column":374}},{"start":{"line":47,"column":374},"end":{"line":47,"column":374}}]},"19":{"line":47,"type":"cond-expr","locations":[{"start":{"line":47,"column":414},"end":{"line":47,"column":457}},{"start":{"line":47,"column":460},"end":{"line":47,"column":491}}]},"20":{"line":90,"type":"cond-expr","locations":[{"start":{"line":90,"column":69},"end":{"line":90,"column":81}},{"start":{"line":90,"column":84},"end":{"line":90,"column":86}}]},"21":{"line":90,"type":"binary-expr","locations":[{"start":{"line":90,"column":16},"end":{"line":90,"column":36}},{"start":{"line":90,"column":40},"end":{"line":90,"column":66}}]},"22":{"line":96,"type":"if","locations":[{"start":{"line":96,"column":4},"end":{"line":96,"column":4}},{"start":{"line":96,"column":4},"end":{"line":96,"column":4}}]},"23":{"line":155,"type":"binary-expr","locations":[{"start":{"line":155,"column":47},"end":{"line":155,"column":66}},{"start":{"line":155,"column":70},"end":{"line":155,"column":102}}]},"24":{"line":178,"type":"if","locations":[{"start":{"line":178,"column":8},"end":{"line":178,"column":8}},{"start":{"line":178,"column":8},"end":{"line":178,"column":8}}]},"25":{"line":182,"type":"if","locations":[{"start":{"line":182,"column":8},"end":{"line":182,"column":8}},{"start":{"line":182,"column":8},"end":{"line":182,"column":8}}]},"26":{"line":210,"type":"cond-expr","locations":[{"start":{"line":210,"column":65},"end":{"line":210,"column":69}},{"start":{"line":210,"column":72},"end":{"line":210,"column":93}}]},"27":{"line":212,"type":"cond-expr","locations":[{"start":{"line":212,"column":61},"end":{"line":212,"column":65}},{"start":{"line":212,"column":68},"end":{"line":212,"column":87}}]},"28":{"line":214,"type":"cond-expr","locations":[{"start":{"line":214,"column":71},"end":{"line":214,"column":75}},{"start":{"line":214,"column":78},"end":{"line":214,"column":99}}]},"29":{"line":216,"type":"cond-expr","locations":[{"start":{"line":216,"column":79},"end":{"line":216,"column":89}},{"start":{"line":216,"column":92},"end":{"line":216,"column":113}}]},"30":{"line":218,"type":"cond-expr","locations":[{"start":{"line":218,"column":77},"end":{"line":218,"column":87}},{"start":{"line":218,"column":90},"end":{"line":218,"column":111}}]},"31":{"line":224,"type":"if","locations":[{"start":{"line":224,"column":8},"end":{"line":224,"column":8}},{"start":{"line":224,"column":8},"end":{"line":224,"column":8}}]},"32":{"line":244,"type":"cond-expr","locations":[{"start":{"line":244,"column":47},"end":{"line":244,"column":65}},{"start":{"line":244,"column":68},"end":{"line":244,"column":72}}]},"33":{"line":266,"type":"binary-expr","locations":[{"start":{"line":266,"column":12},"end":{"line":266,"column":24}},{"start":{"line":266,"column":28},"end":{"line":274,"column":14}}]},"34":{"line":279,"type":"binary-expr","locations":[{"start":{"line":279,"column":12},"end":{"line":279,"column":22}},{"start":{"line":279,"column":26},"end":{"line":291,"column":14}}]}},"code":["'use strict';","","Object.defineProperty(exports, \"__esModule\", {","  value: true","});","","var _extends = Object.assign || function (target) { for (var i = 1; i < arguments.length; i++) { var source = arguments[i]; for (var key in source) { if (Object.prototype.hasOwnProperty.call(source, key)) { target[key] = source[key]; } } } return target; };","","var _createClass = function () { function defineProperties(target, props) { for (var i = 0; i < props.length; i++) { var descriptor = props[i]; descriptor.enumerable = descriptor.enumerable || false; descriptor.configurable = true; if (\"value\" in descriptor) descriptor.writable = true; Object.defineProperty(target, descriptor.key, descriptor); } } return function (Constructor, protoProps, staticProps) { if (protoProps) defineProperties(Constructor.prototype, protoProps); if (staticProps) defineProperties(Constructor, staticProps); return Constructor; }; }();","","var _react = require('react');","","var _react2 = _interopRequireDefault(_react);","","var _reactRedux = require('react-redux');","","var _lodash = require('lodash');","","var _lodash2 = _interopRequireDefault(_lodash);","","var _Filter = require('./Filter.js');","","var _Filter2 = _interopRequireDefault(_Filter);","","var _Pagination = require('./Pagination.js');","","var _Pagination2 = _interopRequireDefault(_Pagination);","","var _PageSize = require('./PageSize.js');","","var _PageSize2 = _interopRequireDefault(_PageSize);","","var _selectors = require('./selectors.js');","","var _selectors2 = _interopRequireDefault(_selectors);","","var _actions = require('./actions.js');","","function _interopRequireDefault(obj) { return obj && obj.__esModule ? obj : { default: obj }; }","","function _objectWithoutProperties(obj, keys) { var target = {}; for (var i in obj) { if (keys.indexOf(i) >= 0) continue; if (!Object.prototype.hasOwnProperty.call(obj, i)) continue; target[i] = obj[i]; } return target; }","","function _classCallCheck(instance, Constructor) { if (!(instance instanceof Constructor)) { throw new TypeError(\"Cannot call a class as a function\"); } }","","function _possibleConstructorReturn(self, call) { if (!self) { throw new ReferenceError(\"this hasn't been initialised - super() hasn't been called\"); } return call && (typeof call === \"object\" || typeof call === \"function\") ? call : self; }","","function _inherits(subClass, superClass) { if (typeof superClass !== \"function\" && superClass !== null) { throw new TypeError(\"Super expression must either be null or a function, not \" + typeof superClass); } subClass.prototype = Object.create(superClass && superClass.prototype, { constructor: { value: subClass, enumerable: false, writable: true, configurable: true } }); if (superClass) Object.setPrototypeOf ? Object.setPrototypeOf(subClass, superClass) : subClass.__proto__ = superClass; }","","var propTypes = {","  data: _react.PropTypes.array,","","  isInitialized: _react.PropTypes.bool.isRequired,","  visibleRows: _react.PropTypes.array,","  filter: _react.PropTypes.array,","  sortInfo: _react.PropTypes.object,","  pageInfo: _react.PropTypes.object,","  selectAll: _react.PropTypes.bool,","  selectedRows: _react.PropTypes.array,","  primaryKey: _react.PropTypes.string,","  filterOptions: _react.PropTypes.array,","  filterValue: _react.PropTypes.array,","","  onPageChange: _react.PropTypes.func.isRequired,","  onPageSizeChange: _react.PropTypes.func.isRequired,","  onFilterChange: _react.PropTypes.func.isRequired,","  onFilterTextChange: _react.PropTypes.func.isRequired,","  onHeaderClick: _react.PropTypes.func.isRequired,","  onInitialize: _react.PropTypes.func.isRequired,","  onNewData: _react.PropTypes.func.isRequired,","  onNewFilterValue: _react.PropTypes.func.isRequired,","  onRowCheckedChange: _react.PropTypes.func.isRequired,","  onSelectAllChange: _react.PropTypes.func.isRequired","};","","/**"," * Wrapper for adding filter, sort and pagination for tabular data."," *"," * See AppsTable.js and AppsPage.js on how to use the wrapper."," *"," * When wrapping a table component, you need to provide the component itself,"," * and column definitions.  Column definitions should look like this:"," *"," *  {"," *    id: { header: 'ID', searchable: true },"," *    name: { header: 'Name', searchable: true },"," *  };"," *"," */","var sematable = function sematable(tableName, TableComponent, columns) {","  var configs = arguments.length > 3 && arguments[3] !== undefined ? arguments[3] : {};","","  var selectors = (0, _selectors2.default)(tableName);","","  var mapStateToProps = function mapStateToProps(state) {","    var isInitialized = selectors.getIsInitialized(state);","    if (!isInitialized) {","      return {","        isInitialized: isInitialized","      };","    }","    return {","      isInitialized: isInitialized,","      visibleRows: selectors.getVisible(state),","      filter: selectors.getFilter(state),","      sortInfo: selectors.getSortInfo(state),","      pageInfo: selectors.getPageInfo(state),","      selectAll: selectors.getSelectAll(state),","      selectedRows: selectors.getSelectedRows(state),","      primaryKey: selectors.getPrimaryKey(st
[...]
74,"column":4},"end":{"line":274,"column":21}},"131":{"start":{"line":277,"column":2},"end":{"line":277,"column":34}},"132":{"start":{"line":278,"column":2},"end":{"line":278,"column":82}},"133":{"start":{"line":281,"column":0},"end":{"line":281,"column":28}}},"branchMap":{"1":{"line":7,"type":"binary-expr","locations":[{"start":{"line":7,"column":15},"end":{"line":7,"column":28}},{"start":{"line":7,"column":32},"end":{"line":7,"column":256}}]},"2":{"line":7,"type":"if","locations":[{"start":{"line":7,"column":150},"end":{"line":7,"column":150}},{"start":{"line":7,"column":150},"end":{"line":7,"column":150}}]},"3":{"line":9,"type":"binary-expr","locations":[{"start":{"line":9,"column":168},"end":{"line":9,"column":189}},{"start":{"line":9,"column":193},"end":{"line":9,"column":198}}]},"4":{"line":9,"type":"if","locations":[{"start":{"line":9,"column":232},"end":{"line":9,"column":232}},{"start":{"line":9,"column":232},"end":{"line":9,"column":232}}]},"5":{"line":9,"type":"if","locations":[{"start":{"line":9,"column":407},"end":{"line":9,"column":407}},{"start":{"line":9,"column":407},"end":{"line":9,"column":407}}]},"6":{"line":9,"type":"if","locations":[{"start":{"line":9,"column":476},"end":{"line":9,"column":476}},{"start":{"line":9,"column":476},"end":{"line":9,"column":476}}]},"7":{"line":39,"type":"cond-expr","locations":[{"start":{"line":39,"column":70},"end":{"line":39,"column":73}},{"start":{"line":39,"column":76},"end":{"line":39,"column":92}}]},"8":{"line":39,"type":"binary-expr","locations":[{"start":{"line":39,"column":46},"end":{"line":39,"column":49}},{"start":{"line":39,"column":53},"end":{"line":39,"column":67}}]},"9":{"line":41,"type":"if","locations":[{"start":{"line":41,"column":85},"end":{"line":41,"column":85}},{"start":{"line":41,"column":85},"end":{"line":41,"column":85}}]},"10":{"line":41,"type":"if","locations":[{"start":{"line":41,"column":121},"end":{"line":41,"column":121}},{"start":{"line":41,"column":121},"end":{"line":41,"column":121}}]},"11":{"line":43,"type":"if","locations":[{"start":{"line":43,"column":50},"end":{"line":43,"column":50}},{"start":{"line":43,"column":50},"end":{"line":43,"column":50}}]},"12":{"line":45,"type":"if","locations":[{"start":{"line":45,"column":50},"end":{"line":45,"column":50}},{"start":{"line":45,"column":50},"end":{"line":45,"column":50}}]},"13":{"line":45,"type":"cond-expr","locations":[{"start":{"line":45,"column":226},"end":{"line":45,"column":230}},{"start":{"line":45,"column":233},"end":{"line":45,"column":237}}]},"14":{"line":45,"type":"binary-expr","locations":[{"start":{"line":45,"column":159},"end":{"line":45,"column":163}},{"start":{"line":45,"column":168},"end":{"line":45,"column":192}},{"start":{"line":45,"column":196},"end":{"line":45,"column":222}}]},"15":{"line":47,"type":"if","locations":[{"start":{"line":47,"column":43},"end":{"line":47,"column":43}},{"start":{"line":47,"column":43},"end":{"line":47,"column":43}}]},"16":{"line":47,"type":"binary-expr","locations":[{"start":{"line":47,"column":47},"end":{"line":47,"column":79}},{"start":{"line":47,"column":83},"end":{"line":47,"column":102}}]},"17":{"line":47,"type":"binary-expr","locations":[{"start":{"line":47,"column":244},"end":{"line":47,"column":254}},{"start":{"line":47,"column":258},"end":{"line":47,"column":278}}]},"18":{"line":47,"type":"if","locations":[{"start":{"line":47,"column":374},"end":{"line":47,"column":374}},{"start":{"line":47,"column":374},"end":{"line":47,"column":374}}]},"19":{"line":47,"type":"cond-expr","locations":[{"start":{"line":47,"column":414},"end":{"line":47,"column":457}},{"start":{"line":47,"column":460},"end":{"line":47,"column":491}}]},"20":{"line":86,"type":"cond-expr","locations":[{"start":{"line":86,"column":70},"end":{"line":86,"column":72}},{"start":{"line":86,"column":75},"end":{"line":86,"column":87}}]},"21":{"line":86,"type":"binary-expr","locations":[{"start":{"line":86,"column":16},"end":{"line":86,"column":37}},{"start":{"line":86,"column":41},"end":{"line":86,"column":67}}]},"22":{"line":92,"type":"if","locations":[{"start":{"line":92,"column":4},"end":{"line":92,"column":4}},{"start":{"line":92,"column":4},"end":{"line":92,"column":4}}]},"23":{"line":144,"type":"binary-expr","locations":[{"start":{"line":144,"column":47},"end":{"line":144,"column":66}},{"start":{"line":144,"column":70},"end":{"line":144,"column":102}}]},"24":{"line":163,"type":"if","locations":[{"start":{"line":163,"column":8},"end":{"line":163,"column":8}},{"start":{"line":163,"column":8},"end":{"line":163,"column":8}}]},"25":{"line":189,"type":"cond-expr","locations":[{"start":{"line":189,"column":65},"end":{"line":189,"column":69}},{"start":{"line":189,"column":72},"end":{"line":189,"column":93}}]},"26":{"line":191,"type":"cond-expr","locations":[{"start":{"line":191,"column":61},"end":{"line":191,"column":65}},{"start":{"line":191,"column":68},"end":{"line":191,"column":87}}]},"27":{"line":194,"type":"if","locations":[{"start":{"line":194,"column":8},"end":{"line":194,"column":8}},{"start":{"line":194,"column":8},"end":{"line":194,"column":8}}]},"28":{"line":213,"type":"cond-expr","locations":[{"start":{"line":213,"column":47},"end":{"line":213,"column":65}},{"start":{"line":213,"column":68},"end":{"line":213,"column":72}}]},"29":{"line":234,"type":"binary-expr","locations":[{"start":{"line":234,"column":12},"end":{"line":234,"column":24}},{"start":{"line":234,"column":28},"end":{"line":239,"column":14}}]},"30":{"line":244,"type":"binary-expr","locations":[{"start":{"line":244,"column":12},"end":{"line":244,"column":22}},{"start":{"line":244,"column":26},"end":{"line":249,"column":14}}]}},"code":["'use strict';","","Object.defineProperty(exports, \"__esModule\", {","  value: true","});","","var _extends = Object.assign || function (target) { for (var i = 1; i < arguments.length; i++) { var source = arguments[i]; for (var key in source) { if (Object.prototype.hasOwnProperty.call(source, key)) { target[key] = source[key]; } } } return target; };","","var _createClass = function () { function defineProperties(target, props) { for (var i = 0; i < props.length; i++) { var descriptor = props[i]; descriptor.enumerable = descriptor.enumerable || false; descriptor.configurable = true; if (\"value\" in descriptor) descriptor.writable = true; Object.defineProperty(target, descriptor.key, descriptor); } } return function (Constructor, protoProps, staticProps) { if (protoProps) defineProperties(Constructor.prototype, protoProps); if (staticProps) defineProperties(Constructor, staticProps); return Constructor; }; }();","","var _react = require('react');","","var _react2 = _interopRequireDefault(_react);","","var _reactRedux = require('react-redux');","","var _lodash = require('lodash');","","var _lodash2 = _interopRequireDefault(_lodash);","","var _Filter = require('./Filter.js');","","var _Filter2 = _interopRequireDefault(_Filter);","","var _Pagination = require('./Pagination.js');","","var _Pagination2 = _interopRequireDefault(_Pagination);","","var _PageSize = require('./PageSize.js');","","var _PageSize2 = _interopRequireDefault(_PageSize);","","var _selectors = require('./selectors.js');","","var _selectors2 = _interopRequireDefault(_selectors);","","var _actions = require('./actions.js');","","function _interopRequireDefault(obj) { return obj && obj.__esModule ? obj : { default: obj }; }","","function _objectWithoutProperties(obj, keys) { var target = {}; for (var i in obj) { if (keys.indexOf(i) >= 0) continue; if (!Object.prototype.hasOwnProperty.call(obj, i)) continue; target[i] = obj[i]; } return target; }","","function _classCallCheck(instance, Constructor) { if (!(instance instanceof Constructor)) { throw new TypeError(\"Cannot call a class as a function\"); } }","","function _possibleConstructorReturn(self, call) { if (!self) { throw new ReferenceError(\"this hasn't been initialised - super() hasn't been called\"); } return call && (typeof call === \"object\" || typeof call === \"function\") ? call : self; }","","function _inherits(subClass, superClass) { if (typeof superClass !== \"function\" && superClass !== null) { throw new TypeError(\"Super expression must either be null or a function, not \" + typeof superClass); } subClass.prototype = Object.create(superClass && superClass.prototype, { constructor: { value: subClass, enumerable: false, writable: true, configurable: true } }); if (superClass) Object.setPrototypeOf ? Object.setPrototypeOf(subClass, superClass) : subClass.__proto__ = superClass; }","","var propTypes = {","  data: _react.PropTypes.array,","","  isInitialized: _react.PropTypes.bool.isRequired,","  visibleRows: _react.PropTypes.array,","  filter: _react.PropTypes.string,","  sortInfo: _react.PropTypes.object,","  pageInfo: _react.PropTypes.object,","  selectAll: _react.PropTypes.bool,","  selectedRows: _react.PropTypes.array,","  primaryKey: _react.PropTypes.string,","","  onPageChange: _react.PropTypes.func.isRequired,","  onPageSizeChange: _react.PropTypes.func.isRequired,","  onFilterChange: _react.PropTypes.func.isRequired,","  onHeaderClick: _react.PropTypes.func.isRequired,","  onInitialize: _react.PropTypes.func.isRequired,","  onNewData: _react.PropTypes.func.isRequired,","  onRowCheckedChange: _react.PropTypes.func.isRequired,","  onSelectAllChange: _react.PropTypes.func.isRequired","};","","/**"," * Wrapper for adding filter, sort and pagination for tabular data."," *"," * See AppsTable.js and AppsPage.js on how to use the wrapper."," *"," * When wrapping a table component, you need to provide the component itself,"," * and column definitions.  Column definitions should look like this:"," *"," *  {"," *    id: { header: 'ID', filterable: true },"," *    name: { header: 'Name', filterable: true },"," *  };"," *"," */","var dataTable = function dataTable(tableName, TableComponent, columns) {","  var configs = arguments.length <= 3 || arguments[3] === undefined ? {} : arguments[3];","","  var selectors = (0, _selectors2.default)(tableName);","","  var mapStateToProps = function mapStateToProps(state) {","    var isInitialized = selectors.getIsInitialized(state);","    if (!isInitialized) {","      return {","        isInitialized: isInitialized","      };","    }","    return {","      isInitialized: isInitialized,","      visibleRows: selectors.getVisible(state),","      filter: selectors.getFilter(state),","      sortInfo: selectors.getSortInfo(state),","      pageInfo: selectors.getPageInfo(state),","      selectAll: selectors.getSelectAll(state),","      selectedRows: selectors.getSelectedRows(state),","      primaryKey: selectors.getPrimaryKey(state)","    };","  };","","  var mapDispatchToProps = function mapDispatchToProps(dispatch) {","    return {","      onPageChange: function onPageChange(page) {","        return dispatch((0, _actions.tablePageChanged)(tableName, page));","      },","      onPageSizeChange: function onPageSizeChange(pageSize) {","        return dispatch((0, _actions.tablePageSizeChanged)(tableName, pageSize));","      },","      onFilterChange: function onFilterChange(filter) {","        return dispatch((0, _actions.tableFilterChanged)(tableName, filter));","      },","      onHeaderClick: function onHeaderClick(sortKey) {","        return dispatch((0, _actions.tableSortChanged)(tableName, sortKey));","      },","      onNewData: function onNewData(data) {","        return dispatch((0, _actions.tableNewData)(tableName, data));","      },","      onSelectAllChange: function onSelectAllChange() {","        return dispatch((0, _actions.tableSelectAllChanged)(tableName));","      },","      onRowCheckedChange: function onRowCheckedChange(row) {","        return dispatch((0, _actions.tableRowCheckedChanged)(tableName, row));","      },","      onInitialize: function onInitialize(data) {","        return dispatch((0, _actions.tableInitialize)(tableName, data, columns, configs));","      }","    };","  };","","  var DataTable = function (_Component) {","    _inherits(DataTable, _Component);","","    function DataTable() {","      _classCallCheck(this, DataTable);","","      return _possibleConstructorReturn(this, (DataTable.__proto__ || Object.getPrototypeOf(DataTable)).apply(this, arguments));","    }","","    _createClass(DataTable, [{","      key: 'componentWillMount',","      value: function componentWillMount() {","        var _props = this.props;","        var data = _props.data;","        var onInitialize = _props.onInitialize;","","        onInitialize(data);","      }","    }, {","      key: 'componentWillReceiveProps',","      value: function componentWillReceiveProps(nextProps) {","        var _props2 = this.props;","        var data = _props2.data;","        var onNewData = _props2.onNewData;","","        if (data !== nextProps.data) {","          onNewData(nextProps.data);","        }","      }","    }, {","      key: 'render',","      value: function render() {","        var _props3 = this.props;","        var isInitialized = _props3.isInitialized;","        var visibleRows = _props3.visibleRows;","        var filter = _props3.filter;","        var sortInfo = _props3.sortInfo;","        var pageInfo = _props3.pageInfo;","        var selectAll = _props3.selectAll;","        var selectedRows = _props3.selectedRows;","        var primaryKey = _props3.primaryKey;","        var _onPageChange = _props3.onPageChange;","        var onPageSizeChange = _props3.onPageSizeChange;","        var onFilterChange = _props3.onFilterChange;","        var onHeaderClick = _props3.onHeaderClick;","        var onRowCheckedChange = _props3.onRowCheckedChange;","        var onSelectAllChange = _props3.onSelectAllChange;","","        var otherProps = _objectWithoutProperties(_props3, ['isInitialized', 'visibleRows', 'filter', 'sortInfo', 'pageInfo', 'selectAll', 'selectedRows', 'primaryKey', 'onPageChange', 'onPageSizeChange', 'onFilterChange', 'onHeaderClick', 'onRowCheckedChange', 'onSelectAllChange']);","","        var _configs$showPageSize = configs.showPageSize;","        var showPageSize = _configs$showPageSize === undefined ? true : _configs$showPageSize;","        var _configs$showFilter = configs.showFilter;","        var showFilter = _configs$showFilter === undefined ? true : _configs$showFilter;","","","        if (!isInitialized) {","          return _react2.default.createElement('div', null);","        }","","        var isSelected = function isSelected(row) {","          return _lodash2.default.includes(selectedRows, row);","        };","","        var select = {","          onRowCheckedChange: onRowCheckedChange,","          onSelectAllChange: onSelectAllChange,","          selectAll: selectAll,","          isSelected: isSelected,","          selectedRows: selectedRows","        };","","        var columnMap = _lodash2.default.keyBy(columns, 'key');","        var columnHeaders = _lodash2.default.mapValues(columnMap, function (value, key) {","          return {","            sorted: key === sortInfo.sortKey ? sortInfo.direction : null,","            sortKey: key,","            primaryKey: value.primaryKey,","            name: value.header,","            sortable: value.sortable,","            handleClick: function handleClick(k) {","              return onHeaderClick(k);","            }","          };","        });","","        var headers = _extends({}, columnHeaders, {","          select: select","        });","","        return _react2.default.createElement(","          'div',","          { className: 'row' },","          _react2.default.createElement(","            'div',","            { className: 'col-md-6' },","            showPageSize && _react2.default.createElement(_PageSize2.default, {","              pageSize: pageInfo.pageSize,","              onChange: function onChange(f) {","                return onPageSizeChange(f);","              }","            })","          ),","          _react2.default.createElement(","            'div',","            { className: 'col-md-6' },","            showFilter && _react2.default.createElement(_Filter2.default, {","              value: filter,","              onChange: function onChange(f) {","                return onFilterChange(f);","              }","            })","          ),","          _react2.default.createElement(","            'div',","            { className: 'col-md-12' },","            _react2.default.createElement(TableComponent, _extends({}, otherProps, {","              data: visibleRows,","              headers: headers,","              primaryKey: primaryKey,","              columns: columns","            }, configs))","          ),","          _react2.default.createElement(","            'div',","            { className: 'col-md-12' },","            _react2.default.createElement(_Pagination2.default, _extends({}, pageInfo, {","              onPageChange: function onPageChange(p) {","                return _onPageChange(p);","              }","            }))","          )","        );","      }","    }]);","","    return DataTable;","  }(_react.Component);","","  DataTable.propTypes = propTypes;","  return (0, _reactRedux.connect)(mapStateToProps, mapDispatchToProps)(DataTable);","};","","exports.default = dataTable;"],"l":{"3":1,"7":1,"9":1,"11":1,"13":1,"15":1,"17":1,"19":1,"21":1,"23":1,"25":1,"27":1,"29":1,"31":1,"33":1,"35":1,"37":1,"39":6,"41":1,"43":1,"45":1,"47":1,"49":1,"85":1,"86":0,"88":0,"90":0,"91":0,"92":0,"93":0,"97":0,"109":0,"110":0,"112":0,"115":0,"118":0,"121":0,"124":0,"127":0,"130":0,"133":0,"138":0,"139":0,"141":1,"142":0,"144":0,"147":0,"150":0,"151":0,"152":0,"154":0,"159":0,"160":0,"161":0,"163":0,"164":0,"170":0,"171":0,"172":0,"173":0,"174":0,"175":0,"176":0,"177":0,"178":0,"179":0,"180":0,"181":0,"182":0,"183":0,"184":0,"186":0,"188":0,"189":0,"190":0,"191":0,"194":0,"195":0,"198":0,"199":0,"202":0,"210":0,"211":0,"212":0,"219":0,"224":0,"228":0,"237":0,"247":0,"266":0,"274":0,"277":0,"278":0,"281":1}},"/home/travis/build/npmtest/node-npmtest-sematable/node_modules/sematable/.storybook/webpack.config.js":{"path":"/home/travis/build/npmtest/node-npmtest-sematable/node_modules/sematable/.storybook/webpack.config.js","s":{"1":2,"2":0,"3":0,"4":0,"5":0,"6":0,"7":0,"8":0},"b":{"1":[0,0]},"f":{"1":0},"fnMap":{"1":{"name":"(anonymous_1)","line":7,"loc":{"start":{"line":7,"column":17},"end":{"line":7,"column":39}}}},"statementMap":{"1":{"start":{"line":1,"column":0},"end":{"line":1,"column":100}},"2":{"start":{"line":2,"column":0},"end":{"line":2,"column":35}},"3":{"start":{"line":3,"column":0},"end":{"line":3,"column":29}},"4":{"start":{"line":5,"column":0},"end":{"line":5,"column":66}},"5":{"start":{"line":7,"column":0},"end":{"line":23,"column":2}},"6":{"start":{"line":8,"column":2},"end":{"line":8,"column":54}},"7":{"start":{"line":9,"column":2},"end":{"line":21,"column":5}},"8":{"start":{"line":22,"column":2},"end":{"line":22,"column":23}}},"branchMap":{"1":{"line":5,"type":"binary-expr","locations":[{"start":{"line":5,"column":25},"end":{"line":5,"column":54}},{"start":{"line":5,"column":58},"end":{"line":5,"column":65}}]}},"code":["const genDefaultConfig = require('@kadira/storybook/dist/server/config/defaults/webpack.config.js');","const webpack = require('webpack');","const path = require('path');","","const bootstrapVersion = process.env.BOOTSTRAP_VERSION || '4.0.0';","","module.exports = function(config, env) {","  const defaultConfig = genDefaultConfig(config, env);","  const withOldPlugin = Object.assign({}, defaultConfig, {","     plugins: defaultConfig.plugins.concat([","       new webpack.OldWatchingPlugin(),","    ]),","    resolve: Object.assign({}, defaultConfig.resolve, {","      alias: Object.assign({}, defaultConfig.resolve.alias, {","        bootstrapCss: path.join(","          __dirname,","          '../stories/bootstrap/v' + bootstrapVersion + '/css/bootstrap.min.css'","        ),","      }),","    }),","   })","  return withOldPlugin;","};",""],"l":{"1":2,"2":0,"3":0,"5":0,"7":0,"8":0,"9":0,"22":0}}}